#! /c/Source/iverilog-install/bin/vvp
:ivl_version "12.0 (devel)" "(s20150603-1539-g2693dd32b)";
:ivl_delay_selection "TYPICAL";
:vpi_time_precision - 12;
:vpi_module "C:\iverilog\lib\ivl\system.vpi";
:vpi_module "C:\iverilog\lib\ivl\vhdl_sys.vpi";
:vpi_module "C:\iverilog\lib\ivl\vhdl_textio.vpi";
:vpi_module "C:\iverilog\lib\ivl\v2005_math.vpi";
:vpi_module "C:\iverilog\lib\ivl\va_math.vpi";
S_0000018719e93ef0 .scope module, "top_alu_tb" "top_alu_tb" 2 123;
 .timescale -9 -12;
P_0000018719e8c120 .param/l "N" 0 2 124, +C4<00000000000000000000000000010000>;
v0000018719f5d810_0 .var/s "a", 15 0;
v0000018719f5bd30_0 .var/s "b", 15 0;
v0000018719f5bc90_0 .net "flags", 3 0, v0000018719f5caf0_0;  1 drivers
v0000018719f5c4b0_0 .var "opcode", 3 0;
v0000018719f5b830_0 .net/s "result", 15 0, v0000018719f5c370_0;  1 drivers
S_0000018719e11350 .scope task, "display_result" "display_result" 2 141, 2 141 0, S_0000018719e93ef0;
 .timescale -9 -12;
v0000018719e65030_0 .var "op", 3 0;
TD_top_alu_tb.display_result ;
    %vpi_call 2 144 "$display", "Opcode = %0d", v0000018719e65030_0 {0 0 0};
    %vpi_call 2 145 "$display", "time  = %0t", $time {0 0 0};
    %vpi_call 2 146 "$display", "a     = %016b (%05d)", v0000018719f5d810_0, v0000018719f5d810_0 {0 0 0};
    %vpi_call 2 147 "$display", "b     = %016b (%05d)", v0000018719f5bd30_0, v0000018719f5bd30_0 {0 0 0};
    %vpi_call 2 148 "$display", "result = %016b (%05d)", v0000018719f5b830_0, v0000018719f5b830_0 {0 0 0};
    %vpi_call 2 149 "$display", "Flags = {V=%b, N=%b, Z=%b, P=%b}", &PV<v0000018719f5bc90_0, 3, 1>, &PV<v0000018719f5bc90_0, 2, 1>, &PV<v0000018719f5bc90_0, 1, 1>, &PV<v0000018719f5bc90_0, 0, 1> {0 0 0};
    %vpi_call 2 151 "$display", "--------------------------------------------------" {0 0 0};
    %end;
S_0000018719e114e0 .scope module, "uut" "top_alu" 2 132, 2 1 0, S_0000018719e93ef0;
 .timescale 0 0;
    .port_info 0 /INPUT 16 "a";
    .port_info 1 /INPUT 16 "b";
    .port_info 2 /INPUT 4 "opcode";
    .port_info 3 /OUTPUT 16 "result";
    .port_info 4 /OUTPUT 4 "flags";
P_0000018719e8c760 .param/l "N" 0 2 1, +C4<00000000000000000000000000010000>;
v0000018719f5e0d0_0 .net/s "a", 15 0, v0000018719f5d810_0;  1 drivers
v0000018719f5e170_0 .net "add_flags", 3 0, L_0000018719fb8a30;  1 drivers
v0000018719f5e210_0 .net/s "add_out", 15 0, L_0000018719f60dd0;  1 drivers
v0000018719f5e350_0 .net/s "b", 15 0, v0000018719f5bd30_0;  1 drivers
v0000018719f5e490_0 .var "div_flags", 3 0;
v0000018719f5b790_0 .var/s "div_out", 15 0;
v0000018719f5caf0_0 .var "flags", 3 0;
v0000018719f5b290_0 .net/s "logic_out", 15 0, v0000018719f580a0_0;  1 drivers
v0000018719f5cc30_0 .var "mul_flags", 3 0;
v0000018719f5b8d0_0 .var/s "mul_out", 15 0;
v0000018719f5cff0_0 .net "opcode", 3 0, v0000018719f5c4b0_0;  1 drivers
v0000018719f5c370_0 .var/s "result", 15 0;
v0000018719f5ceb0_0 .net/s "rotate_out", 15 0, L_0000018719fb99d0;  1 drivers
v0000018719f5c410_0 .net/s "shift_out", 15 0, L_0000018719fb87b0;  1 drivers
v0000018719f5cf50_0 .net "sub_flags", 3 0, L_0000018719fb8fd0;  1 drivers
v0000018719f5be70_0 .net/s "sub_out", 15 0, L_0000018719fbaa10;  1 drivers
E_0000018719e8c420/0 .event anyedge, v0000018719f58fa0_0, v0000018719f580a0_0, v0000018719f58780_0, v0000018719f57f60_0;
E_0000018719e8c420/1 .event anyedge, v0000018719f5df90_0, v0000018719f5da90_0, v0000018719f58280_0, v0000018719f57e20_0;
E_0000018719e8c420/2 .event anyedge, v0000018719f5b8d0_0, v0000018719f5cc30_0, v0000018719f5b790_0, v0000018719f5e490_0;
E_0000018719e8c420/3 .event anyedge, v0000018719f5d9f0_0, v0000018719f5e8f0_0;
E_0000018719e8c420 .event/or E_0000018719e8c420/0, E_0000018719e8c420/1, E_0000018719e8c420/2, E_0000018719e8c420/3;
L_0000018719fb9070 .part v0000018719f5bd30_0, 0, 4;
L_0000018719fb9110 .part v0000018719f5c4b0_0, 0, 1;
L_0000018719fb97f0 .part v0000018719f5bd30_0, 0, 4;
L_0000018719fba830 .part v0000018719f5c4b0_0, 0, 1;
S_0000018719e2e7f0 .scope module, "u_adder" "cla_adder" 2 20, 3 1 0, S_0000018719e114e0;
 .timescale -9 -12;
    .port_info 0 /INPUT 16 "a";
    .port_info 1 /INPUT 16 "b";
    .port_info 2 /OUTPUT 16 "result";
    .port_info 3 /OUTPUT 4 "flags";
P_0000018719e8c460 .param/l "N" 0 3 1, +C4<00000000000000000000000000010000>;
L_0000018719f6b780 .functor AND 1, L_0000018719fb92f0, L_0000018719fb8ad0, C4<1>, C4<1>;
L_0000018719f6bb70 .functor NOT 1, L_0000018719fba150, C4<0>, C4<0>, C4<0>;
L_0000018719f6ba20 .functor AND 1, L_0000018719f6b780, L_0000018719f6bb70, C4<1>, C4<1>;
L_0000018719f6b7f0 .functor NOT 1, L_0000018719fbac90, C4<0>, C4<0>, C4<0>;
L_0000018719f6b550 .functor NOT 1, L_0000018719fb9cf0, C4<0>, C4<0>, C4<0>;
L_0000018719f6b390 .functor AND 1, L_0000018719f6b7f0, L_0000018719f6b550, C4<1>, C4<1>;
L_0000018719f6b860 .functor AND 1, L_0000018719f6b390, L_0000018719fba790, C4<1>, C4<1>;
L_0000018719f6b2b0 .functor OR 1, L_0000018719f6ba20, L_0000018719f6b860, C4<0>, C4<0>;
L_0000018719f70608 .functor BUFT 1, C4<0>, C4<0>, C4<0>, C4<0>;
v0000018719f55d00_0 .net/2u *"_ivl_278", 0 0, L_0000018719f70608;  1 drivers
v0000018719f55da0_0 .net/s *"_ivl_280", 31 0, L_0000018719fba5b0;  1 drivers
L_0000018719f70650 .functor BUFT 1, C4<00000000000000000000000000000000>, C4<0>, C4<0>, C4<0>;
v0000018719f56700_0 .net/2s *"_ivl_282", 31 0, L_0000018719f70650;  1 drivers
v0000018719f56c00_0 .net *"_ivl_289", 0 0, L_0000018719fb92f0;  1 drivers
v0000018719f56840_0 .net *"_ivl_291", 0 0, L_0000018719fb8ad0;  1 drivers
v0000018719f58a00_0 .net *"_ivl_292", 0 0, L_0000018719f6b780;  1 drivers
v0000018719f581e0_0 .net *"_ivl_295", 0 0, L_0000018719fba150;  1 drivers
v0000018719f57a60_0 .net *"_ivl_296", 0 0, L_0000018719f6bb70;  1 drivers
v0000018719f588c0_0 .net *"_ivl_298", 0 0, L_0000018719f6ba20;  1 drivers
v0000018719f57ec0_0 .net *"_ivl_301", 0 0, L_0000018719fbac90;  1 drivers
v0000018719f58500_0 .net *"_ivl_302", 0 0, L_0000018719f6b7f0;  1 drivers
v0000018719f58aa0_0 .net *"_ivl_305", 0 0, L_0000018719fb9cf0;  1 drivers
v0000018719f58dc0_0 .net *"_ivl_306", 0 0, L_0000018719f6b550;  1 drivers
v0000018719f58140_0 .net *"_ivl_308", 0 0, L_0000018719f6b390;  1 drivers
v0000018719f57b00_0 .net *"_ivl_311", 0 0, L_0000018719fba790;  1 drivers
v0000018719f586e0_0 .net *"_ivl_312", 0 0, L_0000018719f6b860;  1 drivers
v0000018719f58280_0 .net/s "a", 15 0, v0000018719f5d810_0;  alias, 1 drivers
v0000018719f57e20_0 .net/s "b", 15 0, v0000018719f5bd30_0;  alias, 1 drivers
v0000018719f58b40_0 .net "carry", 16 0, L_0000018719f61c30;  1 drivers
v0000018719f57f60_0 .net "flags", 3 0, L_0000018719fb8a30;  alias, 1 drivers
v0000018719f58960_0 .net "g", 15 0, L_0000018719f60650;  1 drivers
v0000018719f57d80_0 .net "negative_flag", 0 0, L_0000018719fba010;  1 drivers
v0000018719f58460_0 .net "overflow_flag", 0 0, L_0000018719f6b2b0;  1 drivers
v0000018719f579c0_0 .net "p", 15 0, L_0000018719f610f0;  1 drivers
v0000018719f58be0_0 .net "parity_flag", 0 0, L_0000018719fba1f0;  1 drivers
v0000018719f58780_0 .net/s "result", 15 0, L_0000018719f60dd0;  alias, 1 drivers
v0000018719f57920_0 .net "zero_flag", 0 0, L_0000018719fb9750;  1 drivers
L_0000018719f5cd70 .part v0000018719f5d810_0, 0, 1;
L_0000018719f5d3b0 .part v0000018719f5bd30_0, 0, 1;
L_0000018719f5c550 .part v0000018719f5d810_0, 0, 1;
L_0000018719f5b330 .part v0000018719f5bd30_0, 0, 1;
L_0000018719f5d310 .part L_0000018719f60650, 0, 1;
L_0000018719f5d450 .part L_0000018719f610f0, 0, 1;
L_0000018719f5bfb0 .part L_0000018719f61c30, 0, 1;
L_0000018719f5b1f0 .part L_0000018719f610f0, 0, 1;
L_0000018719f5c050 .part L_0000018719f61c30, 0, 1;
L_0000018719f5c5f0 .part v0000018719f5d810_0, 1, 1;
L_0000018719f5d770 .part v0000018719f5bd30_0, 1, 1;
L_0000018719f5c690 .part v0000018719f5d810_0, 1, 1;
L_0000018719f5d1d0 .part v0000018719f5bd30_0, 1, 1;
L_0000018719f5b3d0 .part L_0000018719f60650, 1, 1;
L_0000018719f5d090 .part L_0000018719f610f0, 1, 1;
L_0000018719f5d8b0 .part L_0000018719f61c30, 1, 1;
L_0000018719f5bb50 .part L_0000018719f610f0, 1, 1;
L_0000018719f5b650 .part L_0000018719f61c30, 1, 1;
L_0000018719f5c730 .part v0000018719f5d810_0, 2, 1;
L_0000018719f5c9b0 .part v0000018719f5bd30_0, 2, 1;
L_0000018719f5d4f0 .part v0000018719f5d810_0, 2, 1;
L_0000018719f5c7d0 .part v0000018719f5bd30_0, 2, 1;
L_0000018719f5bbf0 .part L_0000018719f60650, 2, 1;
L_0000018719f5c870 .part L_0000018719f610f0, 2, 1;
L_0000018719f5b470 .part L_0000018719f61c30, 2, 1;
L_0000018719f5ca50 .part L_0000018719f610f0, 2, 1;
L_0000018719f5c2d0 .part L_0000018719f61c30, 2, 1;
L_0000018719f5cb90 .part v0000018719f5d810_0, 3, 1;
L_0000018719f5bdd0 .part v0000018719f5bd30_0, 3, 1;
L_0000018719f5c910 .part v0000018719f5d810_0, 3, 1;
L_0000018719f5b510 .part v0000018719f5bd30_0, 3, 1;
L_0000018719f5b5b0 .part L_0000018719f60650, 3, 1;
L_0000018719f5bf10 .part L_0000018719f610f0, 3, 1;
L_0000018719f5ccd0 .part L_0000018719f61c30, 3, 1;
L_0000018719f5d590 .part L_0000018719f610f0, 3, 1;
L_0000018719f5d130 .part L_0000018719f61c30, 3, 1;
L_0000018719f5b150 .part v0000018719f5d810_0, 4, 1;
L_0000018719f5c0f0 .part v0000018719f5bd30_0, 4, 1;
L_0000018719f5b6f0 .part v0000018719f5d810_0, 4, 1;
L_0000018719f5b970 .part v0000018719f5bd30_0, 4, 1;
L_0000018719f5ba10 .part L_0000018719f60650, 4, 1;
L_0000018719f5ce10 .part L_0000018719f610f0, 4, 1;
L_0000018719f5d270 .part L_0000018719f61c30, 4, 1;
L_0000018719f5bab0 .part L_0000018719f610f0, 4, 1;
L_0000018719f5c190 .part L_0000018719f61c30, 4, 1;
L_0000018719f5d630 .part v0000018719f5d810_0, 5, 1;
L_0000018719f5d6d0 .part v0000018719f5bd30_0, 5, 1;
L_0000018719f5c230 .part v0000018719f5d810_0, 5, 1;
L_0000018719f641b0 .part v0000018719f5bd30_0, 5, 1;
L_0000018719f63b70 .part L_0000018719f60650, 5, 1;
L_0000018719f632b0 .part L_0000018719f610f0, 5, 1;
L_0000018719f63530 .part L_0000018719f61c30, 5, 1;
L_0000018719f63710 .part L_0000018719f610f0, 5, 1;
L_0000018719f63f30 .part L_0000018719f61c30, 5, 1;
L_0000018719f63c10 .part v0000018719f5d810_0, 6, 1;
L_0000018719f630d0 .part v0000018719f5bd30_0, 6, 1;
L_0000018719f637b0 .part v0000018719f5d810_0, 6, 1;
L_0000018719f63670 .part v0000018719f5bd30_0, 6, 1;
L_0000018719f64070 .part L_0000018719f60650, 6, 1;
L_0000018719f63170 .part L_0000018719f610f0, 6, 1;
L_0000018719f63fd0 .part L_0000018719f61c30, 6, 1;
L_0000018719f642f0 .part L_0000018719f610f0, 6, 1;
L_0000018719f63a30 .part L_0000018719f61c30, 6, 1;
L_0000018719f63350 .part v0000018719f5d810_0, 7, 1;
L_0000018719f63ad0 .part v0000018719f5bd30_0, 7, 1;
L_0000018719f64250 .part v0000018719f5d810_0, 7, 1;
L_0000018719f63850 .part v0000018719f5bd30_0, 7, 1;
L_0000018719f63cb0 .part L_0000018719f60650, 7, 1;
L_0000018719f63d50 .part L_0000018719f610f0, 7, 1;
L_0000018719f64110 .part L_0000018719f61c30, 7, 1;
L_0000018719f638f0 .part L_0000018719f610f0, 7, 1;
L_0000018719f62db0 .part L_0000018719f61c30, 7, 1;
L_0000018719f635d0 .part v0000018719f5d810_0, 8, 1;
L_0000018719f633f0 .part v0000018719f5bd30_0, 8, 1;
L_0000018719f64390 .part v0000018719f5d810_0, 8, 1;
L_0000018719f63210 .part v0000018719f5bd30_0, 8, 1;
L_0000018719f63e90 .part L_0000018719f60650, 8, 1;
L_0000018719f63030 .part L_0000018719f610f0, 8, 1;
L_0000018719f63490 .part L_0000018719f61c30, 8, 1;
L_0000018719f62d10 .part L_0000018719f610f0, 8, 1;
L_0000018719f63990 .part L_0000018719f61c30, 8, 1;
L_0000018719f63df0 .part v0000018719f5d810_0, 9, 1;
L_0000018719f62e50 .part v0000018719f5bd30_0, 9, 1;
L_0000018719f62ef0 .part v0000018719f5d810_0, 9, 1;
L_0000018719f62f90 .part v0000018719f5bd30_0, 9, 1;
L_0000018719f61e10 .part L_0000018719f60650, 9, 1;
L_0000018719f61370 .part L_0000018719f610f0, 9, 1;
L_0000018719f60b50 .part L_0000018719f61c30, 9, 1;
L_0000018719f62950 .part L_0000018719f610f0, 9, 1;
L_0000018719f61410 .part L_0000018719f61c30, 9, 1;
L_0000018719f61ff0 .part v0000018719f5d810_0, 10, 1;
L_0000018719f629f0 .part v0000018719f5bd30_0, 10, 1;
L_0000018719f60d30 .part v0000018719f5d810_0, 10, 1;
L_0000018719f626d0 .part v0000018719f5bd30_0, 10, 1;
L_0000018719f614b0 .part L_0000018719f60650, 10, 1;
L_0000018719f612d0 .part L_0000018719f610f0, 10, 1;
L_0000018719f62590 .part L_0000018719f61c30, 10, 1;
L_0000018719f60fb0 .part L_0000018719f610f0, 10, 1;
L_0000018719f61eb0 .part L_0000018719f61c30, 10, 1;
L_0000018719f605b0 .part v0000018719f5d810_0, 11, 1;
L_0000018719f60bf0 .part v0000018719f5bd30_0, 11, 1;
L_0000018719f61f50 .part v0000018719f5d810_0, 11, 1;
L_0000018719f62090 .part v0000018719f5bd30_0, 11, 1;
L_0000018719f606f0 .part L_0000018719f60650, 11, 1;
L_0000018719f62310 .part L_0000018719f610f0, 11, 1;
L_0000018719f621d0 .part L_0000018719f61c30, 11, 1;
L_0000018719f62770 .part L_0000018719f610f0, 11, 1;
L_0000018719f60e70 .part L_0000018719f61c30, 11, 1;
L_0000018719f623b0 .part v0000018719f5d810_0, 12, 1;
L_0000018719f60c90 .part v0000018719f5bd30_0, 12, 1;
L_0000018719f62270 .part v0000018719f5d810_0, 12, 1;
L_0000018719f61550 .part v0000018719f5bd30_0, 12, 1;
L_0000018719f615f0 .part L_0000018719f60650, 12, 1;
L_0000018719f61d70 .part L_0000018719f610f0, 12, 1;
L_0000018719f62450 .part L_0000018719f61c30, 12, 1;
L_0000018719f624f0 .part L_0000018719f610f0, 12, 1;
L_0000018719f60ab0 .part L_0000018719f61c30, 12, 1;
L_0000018719f62130 .part v0000018719f5d810_0, 13, 1;
L_0000018719f61690 .part v0000018719f5bd30_0, 13, 1;
L_0000018719f60790 .part v0000018719f5d810_0, 13, 1;
L_0000018719f62630 .part v0000018719f5bd30_0, 13, 1;
L_0000018719f61730 .part L_0000018719f60650, 13, 1;
L_0000018719f61230 .part L_0000018719f610f0, 13, 1;
L_0000018719f61870 .part L_0000018719f61c30, 13, 1;
L_0000018719f62810 .part L_0000018719f610f0, 13, 1;
L_0000018719f628b0 .part L_0000018719f61c30, 13, 1;
L_0000018719f617d0 .part v0000018719f5d810_0, 14, 1;
L_0000018719f62a90 .part v0000018719f5bd30_0, 14, 1;
L_0000018719f62b30 .part v0000018719f5d810_0, 14, 1;
L_0000018719f62c70 .part v0000018719f5bd30_0, 14, 1;
L_0000018719f60f10 .part L_0000018719f60650, 14, 1;
L_0000018719f61910 .part L_0000018719f610f0, 14, 1;
L_0000018719f619b0 .part L_0000018719f61c30, 14, 1;
L_0000018719f62bd0 .part L_0000018719f610f0, 14, 1;
L_0000018719f60510 .part L_0000018719f61c30, 14, 1;
LS_0000018719f60650_0_0 .concat8 [ 1 1 1 1], L_0000018719e87490, L_0000018719e867e0, L_0000018719e87030, L_0000018719e87570;
LS_0000018719f60650_0_4 .concat8 [ 1 1 1 1], L_0000018719e86770, L_0000018719e86e70, L_0000018719e86ee0, L_0000018719f64ae0;
LS_0000018719f60650_0_8 .concat8 [ 1 1 1 1], L_0000018719f64bc0, L_0000018719f64a00, L_0000018719f65790, L_0000018719f652c0;
LS_0000018719f60650_0_12 .concat8 [ 1 1 1 1], L_0000018719f64d80, L_0000018719f64fb0, L_0000018719f6b8d0, L_0000018719f6af30;
L_0000018719f60650 .concat8 [ 4 4 4 4], LS_0000018719f60650_0_0, LS_0000018719f60650_0_4, LS_0000018719f60650_0_8, LS_0000018719f60650_0_12;
L_0000018719f61af0 .part v0000018719f5d810_0, 15, 1;
L_0000018719f60830 .part v0000018719f5bd30_0, 15, 1;
LS_0000018719f610f0_0_0 .concat8 [ 1 1 1 1], L_0000018719e87500, L_0000018719e87340, L_0000018719e87180, L_0000018719e871f0;
LS_0000018719f610f0_0_4 .concat8 [ 1 1 1 1], L_0000018719e869a0, L_0000018719e86a80, L_0000018719e86f50, L_0000018719f65020;
LS_0000018719f610f0_0_8 .concat8 [ 1 1 1 1], L_0000018719f656b0, L_0000018719f64920, L_0000018719f65560, L_0000018719f651e0;
LS_0000018719f610f0_0_12 .concat8 [ 1 1 1 1], L_0000018719f64df0, L_0000018719f65100, L_0000018719f6b320, L_0000018719f6afa0;
L_0000018719f610f0 .concat8 [ 4 4 4 4], LS_0000018719f610f0_0_0, LS_0000018719f610f0_0_4, LS_0000018719f610f0_0_8, LS_0000018719f610f0_0_12;
L_0000018719f60970 .part v0000018719f5d810_0, 15, 1;
L_0000018719f608d0 .part v0000018719f5bd30_0, 15, 1;
L_0000018719f61190 .part L_0000018719f60650, 15, 1;
L_0000018719f60a10 .part L_0000018719f610f0, 15, 1;
L_0000018719f61a50 .part L_0000018719f61c30, 15, 1;
LS_0000018719f60dd0_0_0 .concat8 [ 1 1 1 1], L_0000018719e870a0, L_0000018719e87110, L_0000018719e87420, L_0000018719e86af0;
LS_0000018719f60dd0_0_4 .concat8 [ 1 1 1 1], L_0000018719e86930, L_0000018719e86e00, L_0000018719f64c30, L_0000018719f65480;
LS_0000018719f60dd0_0_8 .concat8 [ 1 1 1 1], L_0000018719f65250, L_0000018719f64e60, L_0000018719f64d10, L_0000018719f64990;
LS_0000018719f60dd0_0_12 .concat8 [ 1 1 1 1], L_0000018719f64a70, L_0000018719f6b240, L_0000018719f6b010, L_0000018719f6b710;
L_0000018719f60dd0 .concat8 [ 4 4 4 4], LS_0000018719f60dd0_0_0, LS_0000018719f60dd0_0_4, LS_0000018719f60dd0_0_8, LS_0000018719f60dd0_0_12;
L_0000018719f61050 .part L_0000018719f610f0, 15, 1;
L_0000018719f61b90 .part L_0000018719f61c30, 15, 1;
LS_0000018719f61c30_0_0 .concat8 [ 1 1 1 1], L_0000018719f70608, L_0000018719e872d0, L_0000018719e86a10, L_0000018719e86c40;
LS_0000018719f61c30_0_4 .concat8 [ 1 1 1 1], L_0000018719e86700, L_0000018719e868c0, L_0000018719e86d90, L_0000018719f65800;
LS_0000018719f61c30_0_8 .concat8 [ 1 1 1 1], L_0000018719f653a0, L_0000018719f64f40, L_0000018719f654f0, L_0000018719f65720;
LS_0000018719f61c30_0_12 .concat8 [ 1 1 1 1], L_0000018719f64ca0, L_0000018719f64b50, L_0000018719f6b630, L_0000018719f6b5c0;
LS_0000018719f61c30_0_16 .concat8 [ 1 0 0 0], L_0000018719f6b6a0;
LS_0000018719f61c30_1_0 .concat8 [ 4 4 4 4], LS_0000018719f61c30_0_0, LS_0000018719f61c30_0_4, LS_0000018719f61c30_0_8, LS_0000018719f61c30_0_12;
LS_0000018719f61c30_1_4 .concat8 [ 1 0 0 0], LS_0000018719f61c30_0_16;
L_0000018719f61c30 .concat8 [ 16 1 0 0], LS_0000018719f61c30_1_0, LS_0000018719f61c30_1_4;
L_0000018719fba5b0 .extend/s 32, L_0000018719f60dd0;
L_0000018719fb9750 .cmp/eq 32, L_0000018719fba5b0, L_0000018719f70650;
L_0000018719fba010 .part L_0000018719f60dd0, 15, 1;
L_0000018719fb92f0 .part v0000018719f5d810_0, 15, 1;
L_0000018719fb8ad0 .part v0000018719f5bd30_0, 15, 1;
L_0000018719fba150 .part L_0000018719f60dd0, 15, 1;
L_0000018719fbac90 .part v0000018719f5d810_0, 15, 1;
L_0000018719fb9cf0 .part v0000018719f5bd30_0, 15, 1;
L_0000018719fba790 .part L_0000018719f60dd0, 15, 1;
L_0000018719fba1f0 .reduce/xnor L_0000018719f60dd0;
L_0000018719fb8a30 .concat [ 1 1 1 1], L_0000018719fba1f0, L_0000018719fb9750, L_0000018719fba010, L_0000018719f6b2b0;
S_0000018719e2e980 .scope generate, "genblk1[0]" "genblk1[0]" 3 14, 3 14 0, S_0000018719e2e7f0;
 .timescale -9 -12;
P_0000018719e8c4a0 .param/l "i" 0 3 14, +C4<00>;
L_0000018719e87490 .functor AND 1, L_0000018719f5cd70, L_0000018719f5d3b0, C4<1>, C4<1>;
L_0000018719e87500 .functor XOR 1, L_0000018719f5c550, L_0000018719f5b330, C4<0>, C4<0>;
L_0000018719e86cb0 .functor AND 1, L_0000018719f5d450, L_0000018719f5bfb0, C4<1>, C4<1>;
L_0000018719e872d0 .functor OR 1, L_0000018719f5d310, L_0000018719e86cb0, C4<0>, C4<0>;
L_0000018719e870a0 .functor XOR 1, L_0000018719f5b1f0, L_0000018719f5c050, C4<0>, C4<0>;
v0000018719e63af0_0 .net *"_ivl_0", 0 0, L_0000018719f5cd70;  1 drivers
v0000018719e657b0_0 .net *"_ivl_1", 0 0, L_0000018719f5d3b0;  1 drivers
v0000018719e63eb0_0 .net *"_ivl_10", 0 0, L_0000018719f5bfb0;  1 drivers
v0000018719e64770_0 .net *"_ivl_11", 0 0, L_0000018719e86cb0;  1 drivers
v0000018719e63ff0_0 .net *"_ivl_13", 0 0, L_0000018719e872d0;  1 drivers
v0000018719e64090_0 .net *"_ivl_15", 0 0, L_0000018719f5b1f0;  1 drivers
v0000018719e641d0_0 .net *"_ivl_16", 0 0, L_0000018719f5c050;  1 drivers
v0000018719e64e50_0 .net *"_ivl_17", 0 0, L_0000018719e870a0;  1 drivers
v0000018719e64ef0_0 .net *"_ivl_2", 0 0, L_0000018719e87490;  1 drivers
v0000018719e3c2e0_0 .net *"_ivl_4", 0 0, L_0000018719f5c550;  1 drivers
v0000018719e3c560_0 .net *"_ivl_5", 0 0, L_0000018719f5b330;  1 drivers
v0000018719e3be80_0 .net *"_ivl_6", 0 0, L_0000018719e87500;  1 drivers
v0000018719e3c380_0 .net *"_ivl_8", 0 0, L_0000018719f5d310;  1 drivers
v0000018719e3c420_0 .net *"_ivl_9", 0 0, L_0000018719f5d450;  1 drivers
S_0000018719e2d6b0 .scope generate, "genblk1[1]" "genblk1[1]" 3 14, 3 14 0, S_0000018719e2e7f0;
 .timescale -9 -12;
P_0000018719e8c4e0 .param/l "i" 0 3 14, +C4<01>;
L_0000018719e867e0 .functor AND 1, L_0000018719f5c5f0, L_0000018719f5d770, C4<1>, C4<1>;
L_0000018719e87340 .functor XOR 1, L_0000018719f5c690, L_0000018719f5d1d0, C4<0>, C4<0>;
L_0000018719e86bd0 .functor AND 1, L_0000018719f5d090, L_0000018719f5d8b0, C4<1>, C4<1>;
L_0000018719e86a10 .functor OR 1, L_0000018719f5b3d0, L_0000018719e86bd0, C4<0>, C4<0>;
L_0000018719e87110 .functor XOR 1, L_0000018719f5bb50, L_0000018719f5b650, C4<0>, C4<0>;
v0000018719e3c880_0 .net *"_ivl_0", 0 0, L_0000018719f5c5f0;  1 drivers
v0000018719ebd230_0 .net *"_ivl_1", 0 0, L_0000018719f5d770;  1 drivers
v0000018719ebe270_0 .net *"_ivl_10", 0 0, L_0000018719f5d8b0;  1 drivers
v0000018719ebe130_0 .net *"_ivl_11", 0 0, L_0000018719e86bd0;  1 drivers
v0000018719ebe630_0 .net *"_ivl_13", 0 0, L_0000018719e86a10;  1 drivers
v0000018719ebd2d0_0 .net *"_ivl_15", 0 0, L_0000018719f5bb50;  1 drivers
v0000018719ebd0f0_0 .net *"_ivl_16", 0 0, L_0000018719f5b650;  1 drivers
v0000018719ebcc90_0 .net *"_ivl_17", 0 0, L_0000018719e87110;  1 drivers
v0000018719ebe6d0_0 .net *"_ivl_2", 0 0, L_0000018719e867e0;  1 drivers
v0000018719ebcbf0_0 .net *"_ivl_4", 0 0, L_0000018719f5c690;  1 drivers
v0000018719ebe090_0 .net *"_ivl_5", 0 0, L_0000018719f5d1d0;  1 drivers
v0000018719ebd730_0 .net *"_ivl_6", 0 0, L_0000018719e87340;  1 drivers
v0000018719ebd370_0 .net *"_ivl_8", 0 0, L_0000018719f5b3d0;  1 drivers
v0000018719ebe1d0_0 .net *"_ivl_9", 0 0, L_0000018719f5d090;  1 drivers
S_0000018719e2d840 .scope generate, "genblk1[2]" "genblk1[2]" 3 14, 3 14 0, S_0000018719e2e7f0;
 .timescale -9 -12;
P_0000018719e8c6e0 .param/l "i" 0 3 14, +C4<010>;
L_0000018719e87030 .functor AND 1, L_0000018719f5c730, L_0000018719f5c9b0, C4<1>, C4<1>;
L_0000018719e87180 .functor XOR 1, L_0000018719f5d4f0, L_0000018719f5c7d0, C4<0>, C4<0>;
L_0000018719e87260 .functor AND 1, L_0000018719f5c870, L_0000018719f5b470, C4<1>, C4<1>;
L_0000018719e86c40 .functor OR 1, L_0000018719f5bbf0, L_0000018719e87260, C4<0>, C4<0>;
L_0000018719e87420 .functor XOR 1, L_0000018719f5ca50, L_0000018719f5c2d0, C4<0>, C4<0>;
v0000018719ebcab0_0 .net *"_ivl_0", 0 0, L_0000018719f5c730;  1 drivers
v0000018719ebc830_0 .net *"_ivl_1", 0 0, L_0000018719f5c9b0;  1 drivers
v0000018719ebdf50_0 .net *"_ivl_10", 0 0, L_0000018719f5b470;  1 drivers
v0000018719ebdd70_0 .net *"_ivl_11", 0 0, L_0000018719e87260;  1 drivers
v0000018719ebd4b0_0 .net *"_ivl_13", 0 0, L_0000018719e86c40;  1 drivers
v0000018719ebe310_0 .net *"_ivl_15", 0 0, L_0000018719f5ca50;  1 drivers
v0000018719ebe3b0_0 .net *"_ivl_16", 0 0, L_0000018719f5c2d0;  1 drivers
v0000018719ebe450_0 .net *"_ivl_17", 0 0, L_0000018719e87420;  1 drivers
v0000018719ebd410_0 .net *"_ivl_2", 0 0, L_0000018719e87030;  1 drivers
v0000018719ebd550_0 .net *"_ivl_4", 0 0, L_0000018719f5d4f0;  1 drivers
v0000018719ebd690_0 .net *"_ivl_5", 0 0, L_0000018719f5c7d0;  1 drivers
v0000018719ebd7d0_0 .net *"_ivl_6", 0 0, L_0000018719e87180;  1 drivers
v0000018719ebd5f0_0 .net *"_ivl_8", 0 0, L_0000018719f5bbf0;  1 drivers
v0000018719ebdeb0_0 .net *"_ivl_9", 0 0, L_0000018719f5c870;  1 drivers
S_0000018719e297f0 .scope generate, "genblk1[3]" "genblk1[3]" 3 14, 3 14 0, S_0000018719e2e7f0;
 .timescale -9 -12;
P_0000018719e8c7a0 .param/l "i" 0 3 14, +C4<011>;
L_0000018719e87570 .functor AND 1, L_0000018719f5cb90, L_0000018719f5bdd0, C4<1>, C4<1>;
L_0000018719e871f0 .functor XOR 1, L_0000018719f5c910, L_0000018719f5b510, C4<0>, C4<0>;
L_0000018719e875e0 .functor AND 1, L_0000018719f5bf10, L_0000018719f5ccd0, C4<1>, C4<1>;
L_0000018719e86700 .functor OR 1, L_0000018719f5b5b0, L_0000018719e875e0, C4<0>, C4<0>;
L_0000018719e86af0 .functor XOR 1, L_0000018719f5d590, L_0000018719f5d130, C4<0>, C4<0>;
v0000018719ebd870_0 .net *"_ivl_0", 0 0, L_0000018719f5cb90;  1 drivers
v0000018719ebdcd0_0 .net *"_ivl_1", 0 0, L_0000018719f5bdd0;  1 drivers
v0000018719ebc8d0_0 .net *"_ivl_10", 0 0, L_0000018719f5ccd0;  1 drivers
v0000018719ebe4f0_0 .net *"_ivl_11", 0 0, L_0000018719e875e0;  1 drivers
v0000018719ebdaf0_0 .net *"_ivl_13", 0 0, L_0000018719e86700;  1 drivers
v0000018719ebd910_0 .net *"_ivl_15", 0 0, L_0000018719f5d590;  1 drivers
v0000018719ebdff0_0 .net *"_ivl_16", 0 0, L_0000018719f5d130;  1 drivers
v0000018719ebe590_0 .net *"_ivl_17", 0 0, L_0000018719e86af0;  1 drivers
v0000018719ebd9b0_0 .net *"_ivl_2", 0 0, L_0000018719e87570;  1 drivers
v0000018719ebcd30_0 .net *"_ivl_4", 0 0, L_0000018719f5c910;  1 drivers
v0000018719ebda50_0 .net *"_ivl_5", 0 0, L_0000018719f5b510;  1 drivers
v0000018719ebc970_0 .net *"_ivl_6", 0 0, L_0000018719e871f0;  1 drivers
v0000018719ebdb90_0 .net *"_ivl_8", 0 0, L_0000018719f5b5b0;  1 drivers
v0000018719ebcdd0_0 .net *"_ivl_9", 0 0, L_0000018719f5bf10;  1 drivers
S_0000018719e29980 .scope generate, "genblk1[4]" "genblk1[4]" 3 14, 3 14 0, S_0000018719e2e7f0;
 .timescale -9 -12;
P_0000018719e8b8e0 .param/l "i" 0 3 14, +C4<0100>;
L_0000018719e86770 .functor AND 1, L_0000018719f5b150, L_0000018719f5c0f0, C4<1>, C4<1>;
L_0000018719e869a0 .functor XOR 1, L_0000018719f5b6f0, L_0000018719f5b970, C4<0>, C4<0>;
L_0000018719e86850 .functor AND 1, L_0000018719f5ce10, L_0000018719f5d270, C4<1>, C4<1>;
L_0000018719e868c0 .functor OR 1, L_0000018719f5ba10, L_0000018719e86850, C4<0>, C4<0>;
L_0000018719e86930 .functor XOR 1, L_0000018719f5bab0, L_0000018719f5c190, C4<0>, C4<0>;
v0000018719ebcf10_0 .net *"_ivl_0", 0 0, L_0000018719f5b150;  1 drivers
v0000018719ebce70_0 .net *"_ivl_1", 0 0, L_0000018719f5c0f0;  1 drivers
v0000018719ebcfb0_0 .net *"_ivl_10", 0 0, L_0000018719f5d270;  1 drivers
v0000018719ebd050_0 .net *"_ivl_11", 0 0, L_0000018719e86850;  1 drivers
v0000018719ebca10_0 .net *"_ivl_13", 0 0, L_0000018719e868c0;  1 drivers
v0000018719ebde10_0 .net *"_ivl_15", 0 0, L_0000018719f5bab0;  1 drivers
v0000018719ebcb50_0 .net *"_ivl_16", 0 0, L_0000018719f5c190;  1 drivers
v0000018719ebd190_0 .net *"_ivl_17", 0 0, L_0000018719e86930;  1 drivers
v0000018719ebdc30_0 .net *"_ivl_2", 0 0, L_0000018719e86770;  1 drivers
v0000018719f517d0_0 .net *"_ivl_4", 0 0, L_0000018719f5b6f0;  1 drivers
v0000018719f51870_0 .net *"_ivl_5", 0 0, L_0000018719f5b970;  1 drivers
v0000018719f52130_0 .net *"_ivl_6", 0 0, L_0000018719e869a0;  1 drivers
v0000018719f52ef0_0 .net *"_ivl_8", 0 0, L_0000018719f5ba10;  1 drivers
v0000018719f52bd0_0 .net *"_ivl_9", 0 0, L_0000018719f5ce10;  1 drivers
S_0000018719e1e740 .scope generate, "genblk1[5]" "genblk1[5]" 3 14, 3 14 0, S_0000018719e2e7f0;
 .timescale -9 -12;
P_0000018719e8b860 .param/l "i" 0 3 14, +C4<0101>;
L_0000018719e86e70 .functor AND 1, L_0000018719f5d630, L_0000018719f5d6d0, C4<1>, C4<1>;
L_0000018719e86a80 .functor XOR 1, L_0000018719f5c230, L_0000018719f641b0, C4<0>, C4<0>;
L_0000018719e86b60 .functor AND 1, L_0000018719f632b0, L_0000018719f63530, C4<1>, C4<1>;
L_0000018719e86d90 .functor OR 1, L_0000018719f63b70, L_0000018719e86b60, C4<0>, C4<0>;
L_0000018719e86e00 .functor XOR 1, L_0000018719f63710, L_0000018719f63f30, C4<0>, C4<0>;
v0000018719f51910_0 .net *"_ivl_0", 0 0, L_0000018719f5d630;  1 drivers
v0000018719f519b0_0 .net *"_ivl_1", 0 0, L_0000018719f5d6d0;  1 drivers
v0000018719f52590_0 .net *"_ivl_10", 0 0, L_0000018719f63530;  1 drivers
v0000018719f51a50_0 .net *"_ivl_11", 0 0, L_0000018719e86b60;  1 drivers
v0000018719f52630_0 .net *"_ivl_13", 0 0, L_0000018719e86d90;  1 drivers
v0000018719f51690_0 .net *"_ivl_15", 0 0, L_0000018719f63710;  1 drivers
v0000018719f528b0_0 .net *"_ivl_16", 0 0, L_0000018719f63f30;  1 drivers
v0000018719f51f50_0 .net *"_ivl_17", 0 0, L_0000018719e86e00;  1 drivers
v0000018719f52810_0 .net *"_ivl_2", 0 0, L_0000018719e86e70;  1 drivers
v0000018719f51ff0_0 .net *"_ivl_4", 0 0, L_0000018719f5c230;  1 drivers
v0000018719f51af0_0 .net *"_ivl_5", 0 0, L_0000018719f641b0;  1 drivers
v0000018719f524f0_0 .net *"_ivl_6", 0 0, L_0000018719e86a80;  1 drivers
v0000018719f521d0_0 .net *"_ivl_8", 0 0, L_0000018719f63b70;  1 drivers
v0000018719f51550_0 .net *"_ivl_9", 0 0, L_0000018719f632b0;  1 drivers
S_0000018719e1e8d0 .scope generate, "genblk1[6]" "genblk1[6]" 3 14, 3 14 0, S_0000018719e2e7f0;
 .timescale -9 -12;
P_0000018719e8b920 .param/l "i" 0 3 14, +C4<0110>;
L_0000018719e86ee0 .functor AND 1, L_0000018719f63c10, L_0000018719f630d0, C4<1>, C4<1>;
L_0000018719e86f50 .functor XOR 1, L_0000018719f637b0, L_0000018719f63670, C4<0>, C4<0>;
L_0000018719e86fc0 .functor AND 1, L_0000018719f63170, L_0000018719f63fd0, C4<1>, C4<1>;
L_0000018719f65800 .functor OR 1, L_0000018719f64070, L_0000018719e86fc0, C4<0>, C4<0>;
L_0000018719f64c30 .functor XOR 1, L_0000018719f642f0, L_0000018719f63a30, C4<0>, C4<0>;
v0000018719f51b90_0 .net *"_ivl_0", 0 0, L_0000018719f63c10;  1 drivers
v0000018719f51eb0_0 .net *"_ivl_1", 0 0, L_0000018719f630d0;  1 drivers
v0000018719f51410_0 .net *"_ivl_10", 0 0, L_0000018719f63fd0;  1 drivers
v0000018719f51370_0 .net *"_ivl_11", 0 0, L_0000018719e86fc0;  1 drivers
v0000018719f52f90_0 .net *"_ivl_13", 0 0, L_0000018719f65800;  1 drivers
v0000018719f51c30_0 .net *"_ivl_15", 0 0, L_0000018719f642f0;  1 drivers
v0000018719f52950_0 .net *"_ivl_16", 0 0, L_0000018719f63a30;  1 drivers
v0000018719f51190_0 .net *"_ivl_17", 0 0, L_0000018719f64c30;  1 drivers
v0000018719f529f0_0 .net *"_ivl_2", 0 0, L_0000018719e86ee0;  1 drivers
v0000018719f514b0_0 .net *"_ivl_4", 0 0, L_0000018719f637b0;  1 drivers
v0000018719f52b30_0 .net *"_ivl_5", 0 0, L_0000018719f63670;  1 drivers
v0000018719f515f0_0 .net *"_ivl_6", 0 0, L_0000018719e86f50;  1 drivers
v0000018719f526d0_0 .net *"_ivl_8", 0 0, L_0000018719f64070;  1 drivers
v0000018719f52770_0 .net *"_ivl_9", 0 0, L_0000018719f63170;  1 drivers
S_0000018719e22ae0 .scope generate, "genblk1[7]" "genblk1[7]" 3 14, 3 14 0, S_0000018719e2e7f0;
 .timescale -9 -12;
P_0000018719e8b960 .param/l "i" 0 3 14, +C4<0111>;
L_0000018719f64ae0 .functor AND 1, L_0000018719f63350, L_0000018719f63ad0, C4<1>, C4<1>;
L_0000018719f65020 .functor XOR 1, L_0000018719f64250, L_0000018719f63850, C4<0>, C4<0>;
L_0000018719f64ed0 .functor AND 1, L_0000018719f63d50, L_0000018719f64110, C4<1>, C4<1>;
L_0000018719f653a0 .functor OR 1, L_0000018719f63cb0, L_0000018719f64ed0, C4<0>, C4<0>;
L_0000018719f65480 .functor XOR 1, L_0000018719f638f0, L_0000018719f62db0, C4<0>, C4<0>;
v0000018719f52a90_0 .net *"_ivl_0", 0 0, L_0000018719f63350;  1 drivers
v0000018719f52c70_0 .net *"_ivl_1", 0 0, L_0000018719f63ad0;  1 drivers
v0000018719f510f0_0 .net *"_ivl_10", 0 0, L_0000018719f64110;  1 drivers
v0000018719f52d10_0 .net *"_ivl_11", 0 0, L_0000018719f64ed0;  1 drivers
v0000018719f51e10_0 .net *"_ivl_13", 0 0, L_0000018719f653a0;  1 drivers
v0000018719f52450_0 .net *"_ivl_15", 0 0, L_0000018719f638f0;  1 drivers
v0000018719f512d0_0 .net *"_ivl_16", 0 0, L_0000018719f62db0;  1 drivers
v0000018719f52310_0 .net *"_ivl_17", 0 0, L_0000018719f65480;  1 drivers
v0000018719f523b0_0 .net *"_ivl_2", 0 0, L_0000018719f64ae0;  1 drivers
v0000018719f52090_0 .net *"_ivl_4", 0 0, L_0000018719f64250;  1 drivers
v0000018719f51730_0 .net *"_ivl_5", 0 0, L_0000018719f63850;  1 drivers
v0000018719f51cd0_0 .net *"_ivl_6", 0 0, L_0000018719f65020;  1 drivers
v0000018719f52270_0 .net *"_ivl_8", 0 0, L_0000018719f63cb0;  1 drivers
v0000018719f52db0_0 .net *"_ivl_9", 0 0, L_0000018719f63d50;  1 drivers
S_0000018719e22c70 .scope generate, "genblk1[8]" "genblk1[8]" 3 14, 3 14 0, S_0000018719e2e7f0;
 .timescale -9 -12;
P_0000018719e8b9a0 .param/l "i" 0 3 14, +C4<01000>;
L_0000018719f64bc0 .functor AND 1, L_0000018719f635d0, L_0000018719f633f0, C4<1>, C4<1>;
L_0000018719f656b0 .functor XOR 1, L_0000018719f64390, L_0000018719f63210, C4<0>, C4<0>;
L_0000018719f65090 .functor AND 1, L_0000018719f63030, L_0000018719f63490, C4<1>, C4<1>;
L_0000018719f64f40 .functor OR 1, L_0000018719f63e90, L_0000018719f65090, C4<0>, C4<0>;
L_0000018719f65250 .functor XOR 1, L_0000018719f62d10, L_0000018719f63990, C4<0>, C4<0>;
v0000018719f52e50_0 .net *"_ivl_0", 0 0, L_0000018719f635d0;  1 drivers
v0000018719f51d70_0 .net *"_ivl_1", 0 0, L_0000018719f633f0;  1 drivers
v0000018719f51230_0 .net *"_ivl_10", 0 0, L_0000018719f63490;  1 drivers
v0000018719f548c0_0 .net *"_ivl_11", 0 0, L_0000018719f65090;  1 drivers
v0000018719f54fa0_0 .net *"_ivl_13", 0 0, L_0000018719f64f40;  1 drivers
v0000018719f545a0_0 .net *"_ivl_15", 0 0, L_0000018719f62d10;  1 drivers
v0000018719f54320_0 .net *"_ivl_16", 0 0, L_0000018719f63990;  1 drivers
v0000018719f534c0_0 .net *"_ivl_17", 0 0, L_0000018719f65250;  1 drivers
v0000018719f53100_0 .net *"_ivl_2", 0 0, L_0000018719f64bc0;  1 drivers
v0000018719f54500_0 .net *"_ivl_4", 0 0, L_0000018719f64390;  1 drivers
v0000018719f53560_0 .net *"_ivl_5", 0 0, L_0000018719f63210;  1 drivers
v0000018719f54640_0 .net *"_ivl_6", 0 0, L_0000018719f656b0;  1 drivers
v0000018719f546e0_0 .net *"_ivl_8", 0 0, L_0000018719f63e90;  1 drivers
v0000018719f54000_0 .net *"_ivl_9", 0 0, L_0000018719f63030;  1 drivers
S_0000018719dd2aa0 .scope generate, "genblk1[9]" "genblk1[9]" 3 14, 3 14 0, S_0000018719e2e7f0;
 .timescale -9 -12;
P_0000018719e8ba60 .param/l "i" 0 3 14, +C4<01001>;
L_0000018719f64a00 .functor AND 1, L_0000018719f63df0, L_0000018719f62e50, C4<1>, C4<1>;
L_0000018719f64920 .functor XOR 1, L_0000018719f62ef0, L_0000018719f62f90, C4<0>, C4<0>;
L_0000018719f65410 .functor AND 1, L_0000018719f61370, L_0000018719f60b50, C4<1>, C4<1>;
L_0000018719f654f0 .functor OR 1, L_0000018719f61e10, L_0000018719f65410, C4<0>, C4<0>;
L_0000018719f64e60 .functor XOR 1, L_0000018719f62950, L_0000018719f61410, C4<0>, C4<0>;
v0000018719f54780_0 .net *"_ivl_0", 0 0, L_0000018719f63df0;  1 drivers
v0000018719f53ce0_0 .net *"_ivl_1", 0 0, L_0000018719f62e50;  1 drivers
v0000018719f54820_0 .net *"_ivl_10", 0 0, L_0000018719f60b50;  1 drivers
v0000018719f54280_0 .net *"_ivl_11", 0 0, L_0000018719f65410;  1 drivers
v0000018719f54960_0 .net *"_ivl_13", 0 0, L_0000018719f654f0;  1 drivers
v0000018719f540a0_0 .net *"_ivl_15", 0 0, L_0000018719f62950;  1 drivers
v0000018719f53420_0 .net *"_ivl_16", 0 0, L_0000018719f61410;  1 drivers
v0000018719f531a0_0 .net *"_ivl_17", 0 0, L_0000018719f64e60;  1 drivers
v0000018719f53e20_0 .net *"_ivl_2", 0 0, L_0000018719f64a00;  1 drivers
v0000018719f53a60_0 .net *"_ivl_4", 0 0, L_0000018719f62ef0;  1 drivers
v0000018719f53d80_0 .net *"_ivl_5", 0 0, L_0000018719f62f90;  1 drivers
v0000018719f54dc0_0 .net *"_ivl_6", 0 0, L_0000018719f64920;  1 drivers
v0000018719f54460_0 .net *"_ivl_8", 0 0, L_0000018719f61e10;  1 drivers
v0000018719f53b00_0 .net *"_ivl_9", 0 0, L_0000018719f61370;  1 drivers
S_0000018719dd2c30 .scope generate, "genblk1[10]" "genblk1[10]" 3 14, 3 14 0, S_0000018719e2e7f0;
 .timescale -9 -12;
P_0000018719e8d420 .param/l "i" 0 3 14, +C4<01010>;
L_0000018719f65790 .functor AND 1, L_0000018719f61ff0, L_0000018719f629f0, C4<1>, C4<1>;
L_0000018719f65560 .functor XOR 1, L_0000018719f60d30, L_0000018719f626d0, C4<0>, C4<0>;
L_0000018719f655d0 .functor AND 1, L_0000018719f612d0, L_0000018719f62590, C4<1>, C4<1>;
L_0000018719f65720 .functor OR 1, L_0000018719f614b0, L_0000018719f655d0, C4<0>, C4<0>;
L_0000018719f64d10 .functor XOR 1, L_0000018719f60fb0, L_0000018719f61eb0, C4<0>, C4<0>;
v0000018719f54140_0 .net *"_ivl_0", 0 0, L_0000018719f61ff0;  1 drivers
v0000018719f53380_0 .net *"_ivl_1", 0 0, L_0000018719f629f0;  1 drivers
v0000018719f543c0_0 .net *"_ivl_10", 0 0, L_0000018719f62590;  1 drivers
v0000018719f53ec0_0 .net *"_ivl_11", 0 0, L_0000018719f655d0;  1 drivers
v0000018719f54a00_0 .net *"_ivl_13", 0 0, L_0000018719f65720;  1 drivers
v0000018719f53740_0 .net *"_ivl_15", 0 0, L_0000018719f60fb0;  1 drivers
v0000018719f53600_0 .net *"_ivl_16", 0 0, L_0000018719f61eb0;  1 drivers
v0000018719f54aa0_0 .net *"_ivl_17", 0 0, L_0000018719f64d10;  1 drivers
v0000018719f54b40_0 .net *"_ivl_2", 0 0, L_0000018719f65790;  1 drivers
v0000018719f53ba0_0 .net *"_ivl_4", 0 0, L_0000018719f60d30;  1 drivers
v0000018719f54be0_0 .net *"_ivl_5", 0 0, L_0000018719f626d0;  1 drivers
v0000018719f54c80_0 .net *"_ivl_6", 0 0, L_0000018719f65560;  1 drivers
v0000018719f536a0_0 .net *"_ivl_8", 0 0, L_0000018719f614b0;  1 drivers
v0000018719f53240_0 .net *"_ivl_9", 0 0, L_0000018719f612d0;  1 drivers
S_0000018719ebe7f0 .scope generate, "genblk1[11]" "genblk1[11]" 3 14, 3 14 0, S_0000018719e2e7f0;
 .timescale -9 -12;
P_0000018719e8d560 .param/l "i" 0 3 14, +C4<01011>;
L_0000018719f652c0 .functor AND 1, L_0000018719f605b0, L_0000018719f60bf0, C4<1>, C4<1>;
L_0000018719f651e0 .functor XOR 1, L_0000018719f61f50, L_0000018719f62090, C4<0>, C4<0>;
L_0000018719f65330 .functor AND 1, L_0000018719f62310, L_0000018719f621d0, C4<1>, C4<1>;
L_0000018719f64ca0 .functor OR 1, L_0000018719f606f0, L_0000018719f65330, C4<0>, C4<0>;
L_0000018719f64990 .functor XOR 1, L_0000018719f62770, L_0000018719f60e70, C4<0>, C4<0>;
v0000018719f532e0_0 .net *"_ivl_0", 0 0, L_0000018719f605b0;  1 drivers
v0000018719f54d20_0 .net *"_ivl_1", 0 0, L_0000018719f60bf0;  1 drivers
v0000018719f541e0_0 .net *"_ivl_10", 0 0, L_0000018719f621d0;  1 drivers
v0000018719f54e60_0 .net *"_ivl_11", 0 0, L_0000018719f65330;  1 drivers
v0000018719f537e0_0 .net *"_ivl_13", 0 0, L_0000018719f64ca0;  1 drivers
v0000018719f53880_0 .net *"_ivl_15", 0 0, L_0000018719f62770;  1 drivers
v0000018719f54f00_0 .net *"_ivl_16", 0 0, L_0000018719f60e70;  1 drivers
v0000018719f53920_0 .net *"_ivl_17", 0 0, L_0000018719f64990;  1 drivers
v0000018719f539c0_0 .net *"_ivl_2", 0 0, L_0000018719f652c0;  1 drivers
v0000018719f53c40_0 .net *"_ivl_4", 0 0, L_0000018719f61f50;  1 drivers
v0000018719f53f60_0 .net *"_ivl_5", 0 0, L_0000018719f62090;  1 drivers
v0000018719f57560_0 .net *"_ivl_6", 0 0, L_0000018719f651e0;  1 drivers
v0000018719f57600_0 .net *"_ivl_8", 0 0, L_0000018719f606f0;  1 drivers
v0000018719f558a0_0 .net *"_ivl_9", 0 0, L_0000018719f62310;  1 drivers
S_0000018719f5a770 .scope generate, "genblk1[12]" "genblk1[12]" 3 14, 3 14 0, S_0000018719e2e7f0;
 .timescale -9 -12;
P_0000018719e8cae0 .param/l "i" 0 3 14, +C4<01100>;
L_0000018719f64d80 .functor AND 1, L_0000018719f623b0, L_0000018719f60c90, C4<1>, C4<1>;
L_0000018719f64df0 .functor XOR 1, L_0000018719f62270, L_0000018719f61550, C4<0>, C4<0>;
L_0000018719f65640 .functor AND 1, L_0000018719f61d70, L_0000018719f62450, C4<1>, C4<1>;
L_0000018719f64b50 .functor OR 1, L_0000018719f615f0, L_0000018719f65640, C4<0>, C4<0>;
L_0000018719f64a70 .functor XOR 1, L_0000018719f624f0, L_0000018719f60ab0, C4<0>, C4<0>;
v0000018719f56e80_0 .net *"_ivl_0", 0 0, L_0000018719f623b0;  1 drivers
v0000018719f576a0_0 .net *"_ivl_1", 0 0, L_0000018719f60c90;  1 drivers
v0000018719f56f20_0 .net *"_ivl_10", 0 0, L_0000018719f62450;  1 drivers
v0000018719f56340_0 .net *"_ivl_11", 0 0, L_0000018719f65640;  1 drivers
v0000018719f56de0_0 .net *"_ivl_13", 0 0, L_0000018719f64b50;  1 drivers
v0000018719f55760_0 .net *"_ivl_15", 0 0, L_0000018719f624f0;  1 drivers
v0000018719f55b20_0 .net *"_ivl_16", 0 0, L_0000018719f60ab0;  1 drivers
v0000018719f56020_0 .net *"_ivl_17", 0 0, L_0000018719f64a70;  1 drivers
v0000018719f57740_0 .net *"_ivl_2", 0 0, L_0000018719f64d80;  1 drivers
v0000018719f563e0_0 .net *"_ivl_4", 0 0, L_0000018719f62270;  1 drivers
v0000018719f56fc0_0 .net *"_ivl_5", 0 0, L_0000018719f61550;  1 drivers
v0000018719f55e40_0 .net *"_ivl_6", 0 0, L_0000018719f64df0;  1 drivers
v0000018719f55260_0 .net *"_ivl_8", 0 0, L_0000018719f615f0;  1 drivers
v0000018719f57100_0 .net *"_ivl_9", 0 0, L_0000018719f61d70;  1 drivers
S_0000018719f5af40 .scope generate, "genblk1[13]" "genblk1[13]" 3 14, 3 14 0, S_0000018719e2e7f0;
 .timescale -9 -12;
P_0000018719e8cd20 .param/l "i" 0 3 14, +C4<01101>;
L_0000018719f64fb0 .functor AND 1, L_0000018719f62130, L_0000018719f61690, C4<1>, C4<1>;
L_0000018719f65100 .functor XOR 1, L_0000018719f60790, L_0000018719f62630, C4<0>, C4<0>;
L_0000018719f65170 .functor AND 1, L_0000018719f61230, L_0000018719f61870, C4<1>, C4<1>;
L_0000018719f6b630 .functor OR 1, L_0000018719f61730, L_0000018719f65170, C4<0>, C4<0>;
L_0000018719f6b240 .functor XOR 1, L_0000018719f62810, L_0000018719f628b0, C4<0>, C4<0>;
v0000018719f55c60_0 .net *"_ivl_0", 0 0, L_0000018719f62130;  1 drivers
v0000018719f56480_0 .net *"_ivl_1", 0 0, L_0000018719f61690;  1 drivers
v0000018719f55580_0 .net *"_ivl_10", 0 0, L_0000018719f61870;  1 drivers
v0000018719f554e0_0 .net *"_ivl_11", 0 0, L_0000018719f65170;  1 drivers
v0000018719f577e0_0 .net *"_ivl_13", 0 0, L_0000018719f6b630;  1 drivers
v0000018719f55f80_0 .net *"_ivl_15", 0 0, L_0000018719f62810;  1 drivers
v0000018719f57060_0 .net *"_ivl_16", 0 0, L_0000018719f628b0;  1 drivers
v0000018719f55300_0 .net *"_ivl_17", 0 0, L_0000018719f6b240;  1 drivers
v0000018719f571a0_0 .net *"_ivl_2", 0 0, L_0000018719f64fb0;  1 drivers
v0000018719f55620_0 .net *"_ivl_4", 0 0, L_0000018719f60790;  1 drivers
v0000018719f572e0_0 .net *"_ivl_5", 0 0, L_0000018719f62630;  1 drivers
v0000018719f55800_0 .net *"_ivl_6", 0 0, L_0000018719f65100;  1 drivers
v0000018719f56ca0_0 .net *"_ivl_8", 0 0, L_0000018719f61730;  1 drivers
v0000018719f56b60_0 .net *"_ivl_9", 0 0, L_0000018719f61230;  1 drivers
S_0000018719f5a5e0 .scope generate, "genblk1[14]" "genblk1[14]" 3 14, 3 14 0, S_0000018719e2e7f0;
 .timescale -9 -12;
P_0000018719e8cca0 .param/l "i" 0 3 14, +C4<01110>;
L_0000018719f6b8d0 .functor AND 1, L_0000018719f617d0, L_0000018719f62a90, C4<1>, C4<1>;
L_0000018719f6b320 .functor XOR 1, L_0000018719f62b30, L_0000018719f62c70, C4<0>, C4<0>;
L_0000018719f6ad00 .functor AND 1, L_0000018719f61910, L_0000018719f619b0, C4<1>, C4<1>;
L_0000018719f6b5c0 .functor OR 1, L_0000018719f60f10, L_0000018719f6ad00, C4<0>, C4<0>;
L_0000018719f6b010 .functor XOR 1, L_0000018719f62bd0, L_0000018719f60510, C4<0>, C4<0>;
v0000018719f57380_0 .net *"_ivl_0", 0 0, L_0000018719f617d0;  1 drivers
v0000018719f57240_0 .net *"_ivl_1", 0 0, L_0000018719f62a90;  1 drivers
v0000018719f560c0_0 .net *"_ivl_10", 0 0, L_0000018719f619b0;  1 drivers
v0000018719f565c0_0 .net *"_ivl_11", 0 0, L_0000018719f6ad00;  1 drivers
v0000018719f57420_0 .net *"_ivl_13", 0 0, L_0000018719f6b5c0;  1 drivers
v0000018719f55ee0_0 .net *"_ivl_15", 0 0, L_0000018719f62bd0;  1 drivers
v0000018719f56d40_0 .net *"_ivl_16", 0 0, L_0000018719f60510;  1 drivers
v0000018719f56980_0 .net *"_ivl_17", 0 0, L_0000018719f6b010;  1 drivers
v0000018719f57880_0 .net *"_ivl_2", 0 0, L_0000018719f6b8d0;  1 drivers
v0000018719f574c0_0 .net *"_ivl_4", 0 0, L_0000018719f62b30;  1 drivers
v0000018719f56ac0_0 .net *"_ivl_5", 0 0, L_0000018719f62c70;  1 drivers
v0000018719f56520_0 .net *"_ivl_6", 0 0, L_0000018719f6b320;  1 drivers
v0000018719f568e0_0 .net *"_ivl_8", 0 0, L_0000018719f60f10;  1 drivers
v0000018719f55120_0 .net *"_ivl_9", 0 0, L_0000018719f61910;  1 drivers
S_0000018719f5aa90 .scope generate, "genblk1[15]" "genblk1[15]" 3 14, 3 14 0, S_0000018719e2e7f0;
 .timescale -9 -12;
P_0000018719e8d020 .param/l "i" 0 3 14, +C4<01111>;
L_0000018719f6af30 .functor AND 1, L_0000018719f61af0, L_0000018719f60830, C4<1>, C4<1>;
L_0000018719f6afa0 .functor XOR 1, L_0000018719f60970, L_0000018719f608d0, C4<0>, C4<0>;
L_0000018719f6b9b0 .functor AND 1, L_0000018719f60a10, L_0000018719f61a50, C4<1>, C4<1>;
L_0000018719f6b6a0 .functor OR 1, L_0000018719f61190, L_0000018719f6b9b0, C4<0>, C4<0>;
L_0000018719f6b710 .functor XOR 1, L_0000018719f61050, L_0000018719f61b90, C4<0>, C4<0>;
v0000018719f553a0_0 .net *"_ivl_0", 0 0, L_0000018719f61af0;  1 drivers
v0000018719f567a0_0 .net *"_ivl_1", 0 0, L_0000018719f60830;  1 drivers
v0000018719f56160_0 .net *"_ivl_10", 0 0, L_0000018719f61a50;  1 drivers
v0000018719f55440_0 .net *"_ivl_11", 0 0, L_0000018719f6b9b0;  1 drivers
v0000018719f55940_0 .net *"_ivl_13", 0 0, L_0000018719f6b6a0;  1 drivers
v0000018719f551c0_0 .net *"_ivl_15", 0 0, L_0000018719f61050;  1 drivers
v0000018719f562a0_0 .net *"_ivl_16", 0 0, L_0000018719f61b90;  1 drivers
v0000018719f56200_0 .net *"_ivl_17", 0 0, L_0000018719f6b710;  1 drivers
v0000018719f55bc0_0 .net *"_ivl_2", 0 0, L_0000018719f6af30;  1 drivers
v0000018719f556c0_0 .net *"_ivl_4", 0 0, L_0000018719f60970;  1 drivers
v0000018719f559e0_0 .net *"_ivl_5", 0 0, L_0000018719f608d0;  1 drivers
v0000018719f56660_0 .net *"_ivl_6", 0 0, L_0000018719f6afa0;  1 drivers
v0000018719f55a80_0 .net *"_ivl_8", 0 0, L_0000018719f61190;  1 drivers
v0000018719f56a20_0 .net *"_ivl_9", 0 0, L_0000018719f60a10;  1 drivers
S_0000018719f5a130 .scope module, "u_logical" "logical_operation" 2 14, 4 1 0, S_0000018719e114e0;
 .timescale -9 -12;
    .port_info 0 /INPUT 16 "a";
    .port_info 1 /INPUT 16 "b";
    .port_info 2 /INPUT 4 "opcode";
    .port_info 3 /OUTPUT 16 "out";
P_0000018719ebe980 .param/l "AND_OP" 1 4 8, C4<000>;
P_0000018719ebe9b8 .param/l "N" 0 4 1, +C4<00000000000000000000000000010000>;
P_0000018719ebe9f0 .param/l "NAND_OP" 1 4 11, C4<011>;
P_0000018719ebea28 .param/l "NOR_OP" 1 4 12, C4<100>;
P_0000018719ebea60 .param/l "NOT_OP" 1 4 14, C4<110>;
P_0000018719ebea98 .param/l "OR_OP" 1 4 9, C4<001>;
P_0000018719ebead0 .param/l "XNOR_OP" 1 4 13, C4<101>;
P_0000018719ebeb08 .param/l "XOR_OP" 1 4 10, C4<010>;
v0000018719f57ba0_0 .net/s "a", 15 0, v0000018719f5d810_0;  alias, 1 drivers
v0000018719f58000_0 .net/s "b", 15 0, v0000018719f5bd30_0;  alias, 1 drivers
v0000018719f58fa0_0 .net "opcode", 3 0, v0000018719f5c4b0_0;  alias, 1 drivers
v0000018719f580a0_0 .var/s "out", 15 0;
E_0000018719e8cb20 .event anyedge, v0000018719f58fa0_0, v0000018719f58280_0, v0000018719f57e20_0;
S_0000018719f5a2c0 .scope module, "u_rotate" "rotate_operation" 2 42, 5 1 0, S_0000018719e114e0;
 .timescale -9 -12;
    .port_info 0 /INPUT 16 "data_in";
    .port_info 1 /INPUT 4 "rot_amt";
    .port_info 2 /INPUT 1 "rotate_operation";
    .port_info 3 /OUTPUT 16 "data_out";
P_0000018719e8d720 .param/l "N" 0 5 1, +C4<00000000000000000000000000010000>;
L_0000018719f6b940 .functor OR 16, L_0000018719fb9610, L_0000018719fba650, C4<0000000000000000>, C4<0000000000000000>;
L_0000018719f6ba90 .functor OR 16, L_0000018719fb91b0, L_0000018719fb9c50, C4<0000000000000000>, C4<0000000000000000>;
v0000018719f57c40_0 .net *"_ivl_0", 15 0, L_0000018719fb9610;  1 drivers
v0000018719f57ce0_0 .net *"_ivl_10", 15 0, L_0000018719fba650;  1 drivers
v0000018719f58c80_0 .net *"_ivl_14", 15 0, L_0000018719fb91b0;  1 drivers
L_0000018719f707b8 .functor BUFT 1, C4<00000000000000000000000000010000>, C4<0>, C4<0>, C4<0>;
v0000018719f58d20_0 .net/2u *"_ivl_16", 31 0, L_0000018719f707b8;  1 drivers
v0000018719f58e60_0 .net *"_ivl_18", 31 0, L_0000018719fb96b0;  1 drivers
L_0000018719f70728 .functor BUFT 1, C4<00000000000000000000000000010000>, C4<0>, C4<0>, C4<0>;
v0000018719f58320_0 .net/2u *"_ivl_2", 31 0, L_0000018719f70728;  1 drivers
L_0000018719f70800 .functor BUFT 1, C4<0000000000000000000000000000>, C4<0>, C4<0>, C4<0>;
v0000018719f583c0_0 .net *"_ivl_21", 27 0, L_0000018719f70800;  1 drivers
v0000018719f58f00_0 .net *"_ivl_22", 31 0, L_0000018719fb9250;  1 drivers
v0000018719f585a0_0 .net *"_ivl_24", 15 0, L_0000018719fb9c50;  1 drivers
v0000018719f58640_0 .net *"_ivl_4", 31 0, L_0000018719fb9d90;  1 drivers
L_0000018719f70770 .functor BUFT 1, C4<0000000000000000000000000000>, C4<0>, C4<0>, C4<0>;
v0000018719f58820_0 .net *"_ivl_7", 27 0, L_0000018719f70770;  1 drivers
v0000018719f5e5d0_0 .net *"_ivl_8", 31 0, L_0000018719fb94d0;  1 drivers
v0000018719f5dd10_0 .net "data_in", 15 0, v0000018719f5d810_0;  alias, 1 drivers
v0000018719f5e8f0_0 .net "data_out", 15 0, L_0000018719fb99d0;  alias, 1 drivers
v0000018719f5e7b0_0 .net "left_rot", 15 0, L_0000018719f6b940;  1 drivers
v0000018719f5e990_0 .net "right_rot", 15 0, L_0000018719f6ba90;  1 drivers
v0000018719f5e710_0 .net "rot_amt", 3 0, L_0000018719fb97f0;  1 drivers
v0000018719f5ee90_0 .net "rotate_operation", 0 0, L_0000018719fba830;  1 drivers
L_0000018719fb9610 .shift/l 16, v0000018719f5d810_0, L_0000018719fb97f0;
L_0000018719fb9d90 .concat [ 4 28 0 0], L_0000018719fb97f0, L_0000018719f70770;
L_0000018719fb94d0 .arith/sub 32, L_0000018719f70728, L_0000018719fb9d90;
L_0000018719fba650 .shift/r 16, v0000018719f5d810_0, L_0000018719fb94d0;
L_0000018719fb91b0 .shift/r 16, v0000018719f5d810_0, L_0000018719fb97f0;
L_0000018719fb96b0 .concat [ 4 28 0 0], L_0000018719fb97f0, L_0000018719f70800;
L_0000018719fb9250 .arith/sub 32, L_0000018719f707b8, L_0000018719fb96b0;
L_0000018719fb9c50 .shift/l 16, v0000018719f5d810_0, L_0000018719fb9250;
L_0000018719fb99d0 .functor MUXZ 16, L_0000018719f6ba90, L_0000018719f6b940, L_0000018719fba830, C4<>;
S_0000018719f5adb0 .scope module, "u_shift" "shift_operation" 2 34, 6 1 0, S_0000018719e114e0;
 .timescale -9 -12;
    .port_info 0 /INPUT 16 "data_in";
    .port_info 1 /INPUT 4 "shift_amount";
    .port_info 2 /INPUT 1 "shift_operation";
    .port_info 3 /OUTPUT 16 "out";
P_0000018719e8cb60 .param/l "N" 0 6 1, +C4<00000000000000000000000000010000>;
v0000018719f5ec10_0 .net *"_ivl_0", 15 0, L_0000018719fba510;  1 drivers
v0000018719f5e2b0_0 .net *"_ivl_2", 15 0, L_0000018719fb8e90;  1 drivers
v0000018719f5ecb0_0 .net/s "data_in", 15 0, v0000018719f5d810_0;  alias, 1 drivers
v0000018719f5d9f0_0 .net/s "out", 15 0, L_0000018719fb87b0;  alias, 1 drivers
v0000018719f5dc70_0 .net "shift_amount", 3 0, L_0000018719fb9070;  1 drivers
v0000018719f5d950_0 .net "shift_operation", 0 0, L_0000018719fb9110;  1 drivers
L_0000018719fba510 .shift/l 16, v0000018719f5d810_0, L_0000018719fb9070;
L_0000018719fb8e90 .shift/rs 16, v0000018719f5d810_0, L_0000018719fb9070;
L_0000018719fb87b0 .functor MUXZ 16, L_0000018719fb8e90, L_0000018719fba510, L_0000018719fb9110, C4<>;
S_0000018719f5a450 .scope module, "u_sub" "signed_sub_with_flags" 2 27, 7 1 0, S_0000018719e114e0;
 .timescale -9 -12;
    .port_info 0 /INPUT 16 "a";
    .port_info 1 /INPUT 16 "b";
    .port_info 2 /OUTPUT 16 "result";
    .port_info 3 /OUTPUT 4 "flags";
P_0000018719e8cd60 .param/l "N" 0 7 1, +C4<00000000000000000000000000010000>;
L_0000018719f6ad70 .functor NOT 16, v0000018719f5bd30_0, C4<0000000000000000>, C4<0000000000000000>, C4<0000000000000000>;
L_0000018719f6b0f0 .functor XOR 1, L_0000018719fb9430, L_0000018719fba0b0, C4<0>, C4<0>;
L_0000018719f6bbe0 .functor XOR 1, L_0000018719fb9bb0, L_0000018719fba470, C4<0>, C4<0>;
L_0000018719f6aec0 .functor AND 1, L_0000018719f6b0f0, L_0000018719f6bbe0, C4<1>, C4<1>;
v0000018719f5ed50_0 .net *"_ivl_0", 15 0, L_0000018719f6ad70;  1 drivers
L_0000018719f706e0 .functor BUFT 1, C4<00000000000000000000000000000000>, C4<0>, C4<0>, C4<0>;
v0000018719f5db30_0 .net/2s *"_ivl_10", 31 0, L_0000018719f706e0;  1 drivers
v0000018719f5de50_0 .net *"_ivl_17", 0 0, L_0000018719fb9430;  1 drivers
v0000018719f5ddb0_0 .net *"_ivl_19", 0 0, L_0000018719fba0b0;  1 drivers
L_0000018719f70698 .functor BUFT 1, C4<0000000000000001>, C4<0>, C4<0>, C4<0>;
v0000018719f5ea30_0 .net/2s *"_ivl_2", 15 0, L_0000018719f70698;  1 drivers
v0000018719f5e3f0_0 .net *"_ivl_20", 0 0, L_0000018719f6b0f0;  1 drivers
v0000018719f5e530_0 .net *"_ivl_23", 0 0, L_0000018719fb9bb0;  1 drivers
v0000018719f5e850_0 .net *"_ivl_25", 0 0, L_0000018719fba470;  1 drivers
v0000018719f5ead0_0 .net *"_ivl_26", 0 0, L_0000018719f6bbe0;  1 drivers
v0000018719f5eb70_0 .net/s *"_ivl_4", 15 0, L_0000018719fb8b70;  1 drivers
v0000018719f5ef30_0 .net/s *"_ivl_8", 31 0, L_0000018719fb9390;  1 drivers
v0000018719f5edf0_0 .net/s "a", 15 0, v0000018719f5d810_0;  alias, 1 drivers
v0000018719f5efd0_0 .net/s "b", 15 0, v0000018719f5bd30_0;  alias, 1 drivers
v0000018719f5da90_0 .net "flags", 3 0, L_0000018719fb8fd0;  alias, 1 drivers
v0000018719f5dbd0_0 .net "negative_flag", 0 0, L_0000018719fb8df0;  1 drivers
v0000018719f5def0_0 .net "overflow_flag", 0 0, L_0000018719f6aec0;  1 drivers
v0000018719f5e670_0 .net "parity_flag", 0 0, L_0000018719fb9570;  1 drivers
v0000018719f5df90_0 .net/s "result", 15 0, L_0000018719fbaa10;  alias, 1 drivers
v0000018719f5e030_0 .net "zero_flag", 0 0, L_0000018719fb8f30;  1 drivers
L_0000018719fb8b70 .arith/sum 16, L_0000018719f6ad70, L_0000018719f70698;
L_0000018719fbaa10 .arith/sum 16, v0000018719f5d810_0, L_0000018719fb8b70;
L_0000018719fb9390 .extend/s 32, L_0000018719fbaa10;
L_0000018719fb8f30 .cmp/eq 32, L_0000018719fb9390, L_0000018719f706e0;
L_0000018719fb8df0 .part L_0000018719fbaa10, 15, 1;
L_0000018719fb9430 .part v0000018719f5d810_0, 15, 1;
L_0000018719fba0b0 .part v0000018719f5bd30_0, 15, 1;
L_0000018719fb9bb0 .part L_0000018719fbaa10, 15, 1;
L_0000018719fba470 .part v0000018719f5d810_0, 15, 1;
L_0000018719fb9570 .reduce/xnor L_0000018719fbaa10;
L_0000018719fb8fd0 .concat [ 1 1 1 1], L_0000018719fb9570, L_0000018719fb8f30, L_0000018719fb8df0, L_0000018719f6aec0;
    .scope S_0000018719f5a130;
T_1 ;
    %wait E_0000018719e8cb20;
    %load/vec4 v0000018719f58fa0_0;
    %dup/vec4;
    %pushi/vec4 0, 0, 4;
    %cmp/u;
    %jmp/1 T_1.0, 6;
    %dup/vec4;
    %pushi/vec4 1, 0, 4;
    %cmp/u;
    %jmp/1 T_1.1, 6;
    %dup/vec4;
    %pushi/vec4 2, 0, 4;
    %cmp/u;
    %jmp/1 T_1.2, 6;
    %dup/vec4;
    %pushi/vec4 3, 0, 4;
    %cmp/u;
    %jmp/1 T_1.3, 6;
    %dup/vec4;
    %pushi/vec4 4, 0, 4;
    %cmp/u;
    %jmp/1 T_1.4, 6;
    %dup/vec4;
    %pushi/vec4 5, 0, 4;
    %cmp/u;
    %jmp/1 T_1.5, 6;
    %dup/vec4;
    %pushi/vec4 6, 0, 4;
    %cmp/u;
    %jmp/1 T_1.6, 6;
    %pushi/vec4 65535, 65535, 16;
    %store/vec4 v0000018719f580a0_0, 0, 16;
    %jmp T_1.8;
T_1.0 ;
    %load/vec4 v0000018719f57ba0_0;
    %load/vec4 v0000018719f58000_0;
    %and;
    %store/vec4 v0000018719f580a0_0, 0, 16;
    %jmp T_1.8;
T_1.1 ;
    %load/vec4 v0000018719f57ba0_0;
    %load/vec4 v0000018719f58000_0;
    %or;
    %store/vec4 v0000018719f580a0_0, 0, 16;
    %jmp T_1.8;
T_1.2 ;
    %load/vec4 v0000018719f57ba0_0;
    %load/vec4 v0000018719f58000_0;
    %xor;
    %store/vec4 v0000018719f580a0_0, 0, 16;
    %jmp T_1.8;
T_1.3 ;
    %load/vec4 v0000018719f57ba0_0;
    %load/vec4 v0000018719f58000_0;
    %and;
    %inv;
    %store/vec4 v0000018719f580a0_0, 0, 16;
    %jmp T_1.8;
T_1.4 ;
    %load/vec4 v0000018719f57ba0_0;
    %load/vec4 v0000018719f58000_0;
    %or;
    %inv;
    %store/vec4 v0000018719f580a0_0, 0, 16;
    %jmp T_1.8;
T_1.5 ;
    %load/vec4 v0000018719f57ba0_0;
    %load/vec4 v0000018719f58000_0;
    %xor;
    %inv;
    %store/vec4 v0000018719f580a0_0, 0, 16;
    %jmp T_1.8;
T_1.6 ;
    %load/vec4 v0000018719f57ba0_0;
    %inv;
    %store/vec4 v0000018719f580a0_0, 0, 16;
    %jmp T_1.8;
T_1.8 ;
    %pop/vec4 1;
    %jmp T_1;
    .thread T_1, $push;
    .scope S_0000018719e114e0;
T_2 ;
    %wait E_0000018719e8c420;
    %pushi/vec4 65535, 65535, 16;
    %store/vec4 v0000018719f5c370_0, 0, 16;
    %pushi/vec4 0, 0, 4;
    %store/vec4 v0000018719f5caf0_0, 0, 4;
    %load/vec4 v0000018719f5cff0_0;
    %dup/vec4;
    %pushi/vec4 0, 0, 4;
    %cmp/u;
    %jmp/1 T_2.0, 6;
    %dup/vec4;
    %pushi/vec4 1, 0, 4;
    %cmp/u;
    %jmp/1 T_2.1, 6;
    %dup/vec4;
    %pushi/vec4 2, 0, 4;
    %cmp/u;
    %jmp/1 T_2.2, 6;
    %dup/vec4;
    %pushi/vec4 3, 0, 4;
    %cmp/u;
    %jmp/1 T_2.3, 6;
    %dup/vec4;
    %pushi/vec4 4, 0, 4;
    %cmp/u;
    %jmp/1 T_2.4, 6;
    %dup/vec4;
    %pushi/vec4 5, 0, 4;
    %cmp/u;
    %jmp/1 T_2.5, 6;
    %dup/vec4;
    %pushi/vec4 6, 0, 4;
    %cmp/u;
    %jmp/1 T_2.6, 6;
    %dup/vec4;
    %pushi/vec4 7, 0, 4;
    %cmp/u;
    %jmp/1 T_2.7, 6;
    %dup/vec4;
    %pushi/vec4 8, 0, 4;
    %cmp/u;
    %jmp/1 T_2.8, 6;
    %dup/vec4;
    %pushi/vec4 9, 0, 4;
    %cmp/u;
    %jmp/1 T_2.9, 6;
    %dup/vec4;
    %pushi/vec4 10, 0, 4;
    %cmp/u;
    %jmp/1 T_2.10, 6;
    %dup/vec4;
    %pushi/vec4 12, 0, 4;
    %cmp/u;
    %jmp/1 T_2.11, 6;
    %dup/vec4;
    %pushi/vec4 13, 0, 4;
    %cmp/u;
    %jmp/1 T_2.12, 6;
    %dup/vec4;
    %pushi/vec4 14, 0, 4;
    %cmp/u;
    %jmp/1 T_2.13, 6;
    %dup/vec4;
    %pushi/vec4 15, 0, 4;
    %cmp/u;
    %jmp/1 T_2.14, 6;
    %pushi/vec4 65535, 65535, 16;
    %store/vec4 v0000018719f5c370_0, 0, 16;
    %pushi/vec4 15, 15, 4;
    %store/vec4 v0000018719f5caf0_0, 0, 4;
    %jmp T_2.16;
T_2.0 ;
    %load/vec4 v0000018719f5b290_0;
    %store/vec4 v0000018719f5c370_0, 0, 16;
    %pushi/vec4 0, 0, 1;
    %load/vec4 v0000018719f5b290_0;
    %parti/s 1, 15, 5;
    %concat/vec4; draw_concat_vec4
    %load/vec4 v0000018719f5b290_0;
    %pad/s 32;
    %pushi/vec4 0, 0, 32;
    %cmp/e;
    %flag_get/vec4 4;
    %concat/vec4; draw_concat_vec4
    %load/vec4 v0000018719f5b290_0;
    %xnor/r;
    %concat/vec4; draw_concat_vec4
    %store/vec4 v0000018719f5caf0_0, 0, 4;
    %jmp T_2.16;
T_2.1 ;
    %load/vec4 v0000018719f5b290_0;
    %store/vec4 v0000018719f5c370_0, 0, 16;
    %pushi/vec4 0, 0, 1;
    %load/vec4 v0000018719f5b290_0;
    %parti/s 1, 15, 5;
    %concat/vec4; draw_concat_vec4
    %load/vec4 v0000018719f5b290_0;
    %pad/s 32;
    %pushi/vec4 0, 0, 32;
    %cmp/e;
    %flag_get/vec4 4;
    %concat/vec4; draw_concat_vec4
    %load/vec4 v0000018719f5b290_0;
    %xnor/r;
    %concat/vec4; draw_concat_vec4
    %store/vec4 v0000018719f5caf0_0, 0, 4;
    %jmp T_2.16;
T_2.2 ;
    %load/vec4 v0000018719f5b290_0;
    %store/vec4 v0000018719f5c370_0, 0, 16;
    %pushi/vec4 0, 0, 1;
    %load/vec4 v0000018719f5b290_0;
    %parti/s 1, 15, 5;
    %concat/vec4; draw_concat_vec4
    %load/vec4 v0000018719f5b290_0;
    %pad/s 32;
    %pushi/vec4 0, 0, 32;
    %cmp/e;
    %flag_get/vec4 4;
    %concat/vec4; draw_concat_vec4
    %load/vec4 v0000018719f5b290_0;
    %xnor/r;
    %concat/vec4; draw_concat_vec4
    %store/vec4 v0000018719f5caf0_0, 0, 4;
    %jmp T_2.16;
T_2.3 ;
    %load/vec4 v0000018719f5b290_0;
    %store/vec4 v0000018719f5c370_0, 0, 16;
    %pushi/vec4 0, 0, 1;
    %load/vec4 v0000018719f5b290_0;
    %parti/s 1, 15, 5;
    %concat/vec4; draw_concat_vec4
    %load/vec4 v0000018719f5b290_0;
    %pad/s 32;
    %pushi/vec4 0, 0, 32;
    %cmp/e;
    %flag_get/vec4 4;
    %concat/vec4; draw_concat_vec4
    %load/vec4 v0000018719f5b290_0;
    %xnor/r;
    %concat/vec4; draw_concat_vec4
    %store/vec4 v0000018719f5caf0_0, 0, 4;
    %jmp T_2.16;
T_2.4 ;
    %load/vec4 v0000018719f5b290_0;
    %store/vec4 v0000018719f5c370_0, 0, 16;
    %pushi/vec4 0, 0, 1;
    %load/vec4 v0000018719f5b290_0;
    %parti/s 1, 15, 5;
    %concat/vec4; draw_concat_vec4
    %load/vec4 v0000018719f5b290_0;
    %pad/s 32;
    %pushi/vec4 0, 0, 32;
    %cmp/e;
    %flag_get/vec4 4;
    %concat/vec4; draw_concat_vec4
    %load/vec4 v0000018719f5b290_0;
    %xnor/r;
    %concat/vec4; draw_concat_vec4
    %store/vec4 v0000018719f5caf0_0, 0, 4;
    %jmp T_2.16;
T_2.5 ;
    %load/vec4 v0000018719f5b290_0;
    %store/vec4 v0000018719f5c370_0, 0, 16;
    %pushi/vec4 0, 0, 1;
    %load/vec4 v0000018719f5b290_0;
    %parti/s 1, 15, 5;
    %concat/vec4; draw_concat_vec4
    %load/vec4 v0000018719f5b290_0;
    %pad/s 32;
    %pushi/vec4 0, 0, 32;
    %cmp/e;
    %flag_get/vec4 4;
    %concat/vec4; draw_concat_vec4
    %load/vec4 v0000018719f5b290_0;
    %xnor/r;
    %concat/vec4; draw_concat_vec4
    %store/vec4 v0000018719f5caf0_0, 0, 4;
    %jmp T_2.16;
T_2.6 ;
    %load/vec4 v0000018719f5b290_0;
    %store/vec4 v0000018719f5c370_0, 0, 16;
    %pushi/vec4 0, 0, 1;
    %load/vec4 v0000018719f5b290_0;
    %parti/s 1, 15, 5;
    %concat/vec4; draw_concat_vec4
    %load/vec4 v0000018719f5b290_0;
    %pad/s 32;
    %pushi/vec4 0, 0, 32;
    %cmp/e;
    %flag_get/vec4 4;
    %concat/vec4; draw_concat_vec4
    %load/vec4 v0000018719f5b290_0;
    %xnor/r;
    %concat/vec4; draw_concat_vec4
    %store/vec4 v0000018719f5caf0_0, 0, 4;
    %jmp T_2.16;
T_2.7 ;
    %load/vec4 v0000018719f5e210_0;
    %store/vec4 v0000018719f5c370_0, 0, 16;
    %load/vec4 v0000018719f5e170_0;
    %store/vec4 v0000018719f5caf0_0, 0, 4;
    %jmp T_2.16;
T_2.8 ;
    %load/vec4 v0000018719f5be70_0;
    %store/vec4 v0000018719f5c370_0, 0, 16;
    %load/vec4 v0000018719f5cf50_0;
    %store/vec4 v0000018719f5caf0_0, 0, 4;
    %jmp T_2.16;
T_2.9 ;
    %load/vec4 v0000018719f5e0d0_0;
    %load/vec4 v0000018719f5e350_0;
    %mul;
    %store/vec4 v0000018719f5b8d0_0, 0, 16;
    %load/vec4 v0000018719f5b8d0_0;
    %store/vec4 v0000018719f5c370_0, 0, 16;
    %pushi/vec4 0, 0, 1;
    %load/vec4 v0000018719f5b8d0_0;
    %parti/s 1, 15, 5;
    %concat/vec4; draw_concat_vec4
    %load/vec4 v0000018719f5b8d0_0;
    %pad/s 32;
    %pushi/vec4 0, 0, 32;
    %cmp/e;
    %flag_get/vec4 4;
    %concat/vec4; draw_concat_vec4
    %load/vec4 v0000018719f5b8d0_0;
    %xnor/r;
    %concat/vec4; draw_concat_vec4
    %store/vec4 v0000018719f5cc30_0, 0, 4;
    %load/vec4 v0000018719f5cc30_0;
    %store/vec4 v0000018719f5caf0_0, 0, 4;
    %jmp T_2.16;
T_2.10 ;
    %load/vec4 v0000018719f5e350_0;
    %pad/s 32;
    %cmpi/ne 0, 0, 32;
    %jmp/0xz  T_2.17, 4;
    %load/vec4 v0000018719f5e0d0_0;
    %load/vec4 v0000018719f5e350_0;
    %div/s;
    %store/vec4 v0000018719f5b790_0, 0, 16;
    %load/vec4 v0000018719f5b790_0;
    %store/vec4 v0000018719f5c370_0, 0, 16;
    %pushi/vec4 0, 0, 1;
    %load/vec4 v0000018719f5b790_0;
    %parti/s 1, 15, 5;
    %concat/vec4; draw_concat_vec4
    %load/vec4 v0000018719f5b790_0;
    %pad/s 32;
    %pushi/vec4 0, 0, 32;
    %cmp/e;
    %flag_get/vec4 4;
    %concat/vec4; draw_concat_vec4
    %load/vec4 v0000018719f5b790_0;
    %xnor/r;
    %concat/vec4; draw_concat_vec4
    %store/vec4 v0000018719f5e490_0, 0, 4;
    %load/vec4 v0000018719f5e490_0;
    %store/vec4 v0000018719f5caf0_0, 0, 4;
    %jmp T_2.18;
T_2.17 ;
    %pushi/vec4 65535, 65535, 16;
    %store/vec4 v0000018719f5c370_0, 0, 16;
    %pushi/vec4 8, 0, 4;
    %store/vec4 v0000018719f5caf0_0, 0, 4;
T_2.18 ;
    %jmp T_2.16;
T_2.11 ;
    %load/vec4 v0000018719f5c410_0;
    %store/vec4 v0000018719f5c370_0, 0, 16;
    %pushi/vec4 0, 0, 1;
    %load/vec4 v0000018719f5c410_0;
    %parti/s 1, 15, 5;
    %concat/vec4; draw_concat_vec4
    %load/vec4 v0000018719f5c410_0;
    %pad/s 32;
    %pushi/vec4 0, 0, 32;
    %cmp/e;
    %flag_get/vec4 4;
    %concat/vec4; draw_concat_vec4
    %load/vec4 v0000018719f5c410_0;
    %xnor/r;
    %concat/vec4; draw_concat_vec4
    %store/vec4 v0000018719f5caf0_0, 0, 4;
    %jmp T_2.16;
T_2.12 ;
    %load/vec4 v0000018719f5c410_0;
    %store/vec4 v0000018719f5c370_0, 0, 16;
    %pushi/vec4 0, 0, 1;
    %load/vec4 v0000018719f5c410_0;
    %parti/s 1, 15, 5;
    %concat/vec4; draw_concat_vec4
    %load/vec4 v0000018719f5c410_0;
    %pad/s 32;
    %pushi/vec4 0, 0, 32;
    %cmp/e;
    %flag_get/vec4 4;
    %concat/vec4; draw_concat_vec4
    %load/vec4 v0000018719f5c410_0;
    %xnor/r;
    %concat/vec4; draw_concat_vec4
    %store/vec4 v0000018719f5caf0_0, 0, 4;
    %jmp T_2.16;
T_2.13 ;
    %load/vec4 v0000018719f5ceb0_0;
    %store/vec4 v0000018719f5c370_0, 0, 16;
    %pushi/vec4 0, 0, 1;
    %load/vec4 v0000018719f5ceb0_0;
    %parti/s 1, 15, 5;
    %concat/vec4; draw_concat_vec4
    %load/vec4 v0000018719f5ceb0_0;
    %pad/s 32;
    %pushi/vec4 0, 0, 32;
    %cmp/e;
    %flag_get/vec4 4;
    %concat/vec4; draw_concat_vec4
    %load/vec4 v0000018719f5ceb0_0;
    %xnor/r;
    %concat/vec4; draw_concat_vec4
    %store/vec4 v0000018719f5caf0_0, 0, 4;
    %jmp T_2.16;
T_2.14 ;
    %load/vec4 v0000018719f5ceb0_0;
    %store/vec4 v0000018719f5c370_0, 0, 16;
    %pushi/vec4 0, 0, 1;
    %load/vec4 v0000018719f5ceb0_0;
    %parti/s 1, 15, 5;
    %concat/vec4; draw_concat_vec4
    %load/vec4 v0000018719f5ceb0_0;
    %pad/s 32;
    %pushi/vec4 0, 0, 32;
    %cmp/e;
    %flag_get/vec4 4;
    %concat/vec4; draw_concat_vec4
    %load/vec4 v0000018719f5ceb0_0;
    %xnor/r;
    %concat/vec4; draw_concat_vec4
    %store/vec4 v0000018719f5caf0_0, 0, 4;
    %jmp T_2.16;
T_2.16 ;
    %pop/vec4 1;
    %jmp T_2;
    .thread T_2, $push;
    .scope S_0000018719e93ef0;
T_3 ;
    %vpi_call 2 156 "$display", "Starting ALU Testbench...\012" {0 0 0};
    %pushi/vec4 0, 0, 4;
    %store/vec4 v0000018719f5c4b0_0, 0, 4;
T_3.0 ;
    %load/vec4 v0000018719f5c4b0_0;
    %pad/u 32;
    %cmpi/u 6, 0, 32;
    %flag_or 5, 4;
    %jmp/0xz T_3.1, 5;
    %pushi/vec4 43690, 0, 16;
    %store/vec4 v0000018719f5d810_0, 0, 16;
    %pushi/vec4 21845, 0, 16;
    %store/vec4 v0000018719f5bd30_0, 0, 16;
    %delay 10000, 0;
    %load/vec4 v0000018719f5c4b0_0;
    %store/vec4 v0000018719e65030_0, 0, 4;
    %fork TD_top_alu_tb.display_result, S_0000018719e11350;
    %join;
    %load/vec4 v0000018719f5c4b0_0;
    %addi 1, 0, 4;
    %store/vec4 v0000018719f5c4b0_0, 0, 4;
    %jmp T_3.0;
T_3.1 ;
    %pushi/vec4 7, 0, 4;
    %store/vec4 v0000018719f5c4b0_0, 0, 4;
    %pushi/vec4 1234, 0, 16;
    %store/vec4 v0000018719f5d810_0, 0, 16;
    %pushi/vec4 4321, 0, 16;
    %store/vec4 v0000018719f5bd30_0, 0, 16;
    %delay 10000, 0;
    %load/vec4 v0000018719f5c4b0_0;
    %store/vec4 v0000018719e65030_0, 0, 4;
    %fork TD_top_alu_tb.display_result, S_0000018719e11350;
    %join;
    %pushi/vec4 7, 0, 4;
    %store/vec4 v0000018719f5c4b0_0, 0, 4;
    %pushi/vec4 65535, 0, 16;
    %store/vec4 v0000018719f5d810_0, 0, 16;
    %pushi/vec4 4321, 0, 16;
    %store/vec4 v0000018719f5bd30_0, 0, 16;
    %delay 10000, 0;
    %load/vec4 v0000018719f5c4b0_0;
    %store/vec4 v0000018719e65030_0, 0, 4;
    %fork TD_top_alu_tb.display_result, S_0000018719e11350;
    %join;
    %pushi/vec4 8, 0, 4;
    %store/vec4 v0000018719f5c4b0_0, 0, 4;
    %pushi/vec4 5000, 0, 16;
    %store/vec4 v0000018719f5d810_0, 0, 16;
    %pushi/vec4 1234, 0, 16;
    %store/vec4 v0000018719f5bd30_0, 0, 16;
    %delay 10000, 0;
    %load/vec4 v0000018719f5c4b0_0;
    %store/vec4 v0000018719e65030_0, 0, 4;
    %fork TD_top_alu_tb.display_result, S_0000018719e11350;
    %join;
    %pushi/vec4 8, 0, 4;
    %store/vec4 v0000018719f5c4b0_0, 0, 4;
    %pushi/vec4 5000, 0, 16;
    %store/vec4 v0000018719f5d810_0, 0, 16;
    %pushi/vec4 5000, 0, 16;
    %store/vec4 v0000018719f5bd30_0, 0, 16;
    %delay 10000, 0;
    %load/vec4 v0000018719f5c4b0_0;
    %store/vec4 v0000018719e65030_0, 0, 4;
    %fork TD_top_alu_tb.display_result, S_0000018719e11350;
    %join;
    %pushi/vec4 8, 0, 4;
    %store/vec4 v0000018719f5c4b0_0, 0, 4;
    %pushi/vec4 20200, 0, 16;
    %store/vec4 v0000018719f5d810_0, 0, 16;
    %pushi/vec4 45336, 0, 16;
    %store/vec4 v0000018719f5bd30_0, 0, 16;
    %delay 10000, 0;
    %load/vec4 v0000018719f5c4b0_0;
    %store/vec4 v0000018719e65030_0, 0, 4;
    %fork TD_top_alu_tb.display_result, S_0000018719e11350;
    %join;
    %pushi/vec4 9, 0, 4;
    %store/vec4 v0000018719f5c4b0_0, 0, 4;
    %pushi/vec4 100, 0, 16;
    %store/vec4 v0000018719f5d810_0, 0, 16;
    %pushi/vec4 20, 0, 16;
    %store/vec4 v0000018719f5bd30_0, 0, 16;
    %delay 10000, 0;
    %load/vec4 v0000018719f5c4b0_0;
    %store/vec4 v0000018719e65030_0, 0, 4;
    %fork TD_top_alu_tb.display_result, S_0000018719e11350;
    %join;
    %pushi/vec4 10, 0, 4;
    %store/vec4 v0000018719f5c4b0_0, 0, 4;
    %pushi/vec4 100, 0, 16;
    %store/vec4 v0000018719f5d810_0, 0, 16;
    %pushi/vec4 20, 0, 16;
    %store/vec4 v0000018719f5bd30_0, 0, 16;
    %delay 10000, 0;
    %load/vec4 v0000018719f5c4b0_0;
    %store/vec4 v0000018719e65030_0, 0, 4;
    %fork TD_top_alu_tb.display_result, S_0000018719e11350;
    %join;
    %pushi/vec4 10, 0, 4;
    %store/vec4 v0000018719f5c4b0_0, 0, 4;
    %pushi/vec4 100, 0, 16;
    %store/vec4 v0000018719f5d810_0, 0, 16;
    %pushi/vec4 0, 0, 16;
    %store/vec4 v0000018719f5bd30_0, 0, 16;
    %delay 10000, 0;
    %load/vec4 v0000018719f5c4b0_0;
    %store/vec4 v0000018719e65030_0, 0, 4;
    %fork TD_top_alu_tb.display_result, S_0000018719e11350;
    %join;
    %pushi/vec4 12, 0, 4;
    %store/vec4 v0000018719f5c4b0_0, 0, 4;
    %pushi/vec4 32768, 0, 16;
    %store/vec4 v0000018719f5d810_0, 0, 16;
    %pushi/vec4 3, 0, 16;
    %store/vec4 v0000018719f5bd30_0, 0, 16;
    %delay 10000, 0;
    %load/vec4 v0000018719f5c4b0_0;
    %store/vec4 v0000018719e65030_0, 0, 4;
    %fork TD_top_alu_tb.display_result, S_0000018719e11350;
    %join;
    %pushi/vec4 13, 0, 4;
    %store/vec4 v0000018719f5c4b0_0, 0, 4;
    %pushi/vec4 1, 0, 16;
    %store/vec4 v0000018719f5d810_0, 0, 16;
    %pushi/vec4 3, 0, 16;
    %store/vec4 v0000018719f5bd30_0, 0, 16;
    %delay 10000, 0;
    %load/vec4 v0000018719f5c4b0_0;
    %store/vec4 v0000018719e65030_0, 0, 4;
    %fork TD_top_alu_tb.display_result, S_0000018719e11350;
    %join;
    %pushi/vec4 14, 0, 4;
    %store/vec4 v0000018719f5c4b0_0, 0, 4;
    %pushi/vec4 32769, 0, 16;
    %store/vec4 v0000018719f5d810_0, 0, 16;
    %pushi/vec4 4, 0, 16;
    %store/vec4 v0000018719f5bd30_0, 0, 16;
    %delay 10000, 0;
    %load/vec4 v0000018719f5c4b0_0;
    %store/vec4 v0000018719e65030_0, 0, 4;
    %fork TD_top_alu_tb.display_result, S_0000018719e11350;
    %join;
    %pushi/vec4 15, 0, 4;
    %store/vec4 v0000018719f5c4b0_0, 0, 4;
    %pushi/vec4 1, 0, 16;
    %store/vec4 v0000018719f5d810_0, 0, 16;
    %pushi/vec4 4, 0, 16;
    %store/vec4 v0000018719f5bd30_0, 0, 16;
    %delay 10000, 0;
    %load/vec4 v0000018719f5c4b0_0;
    %store/vec4 v0000018719e65030_0, 0, 4;
    %fork TD_top_alu_tb.display_result, S_0000018719e11350;
    %join;
    %vpi_call 2 211 "$display", "\012Testbench completed." {0 0 0};
    %vpi_call 2 212 "$finish" {0 0 0};
    %end;
    .thread T_3;
# The file index is used to find the file name in the following table.
:file_names 8;
    "N/A";
    "<interactive>";
    "alu_core.v";
    "carry_look_ahead_adder.v";
    "alu_logic_unit.v";
    "rotate_unit.v";
    "shift_unit.v";
    "signed_subtractor.v";
